{"numTotalTestSuites":0,"numPassedTestSuites":0,"numFailedTestSuites":0,"numPendingTestSuites":0,"numTotalTests":0,"numPassedTests":0,"numFailedTests":0,"numPendingTests":0,"numTodoTests":0,"snapshot":{"added":0,"failure":false,"filesAdded":0,"filesRemoved":0,"filesRemovedList":[],"filesUnmatched":0,"filesUpdated":0,"matched":0,"total":0,"unchecked":0,"uncheckedKeysByFile":[],"unmatched":0,"updated":0,"didUpdate":false},"startTime":1750485714251,"success":false,"testResults":[],"coverageMap":{"/home/bjorn/repos/agents/contribux/public/sw.js":{"path":"/home/bjorn/repos/agents/contribux/public/sw.js","all":true,"statementMap":{"0":{"start":{"line":1,"column":0},"end":{"line":1,"column":3730}}},"s":{"0":0},"branchMap":{"0":{"type":"branch","line":1,"loc":{"start":{"line":1,"column":0},"end":{"line":1,"column":3730}},"locations":[{"start":{"line":1,"column":0},"end":{"line":1,"column":3730}}]}},"b":{"0":[0]},"fnMap":{"0":{"name":"(empty-report)","decl":{"start":{"line":1,"column":0},"end":{"line":1,"column":3730}},"loc":{"start":{"line":1,"column":0},"end":{"line":1,"column":3730}},"line":1}},"f":{"0":0}},"/home/bjorn/repos/agents/contribux/.next/server/middleware-react-loadable-manifest.js":{"path":"/home/bjorn/repos/agents/contribux/.next/server/middleware-react-loadable-manifest.js","all":true,"statementMap":{"0":{"start":{"line":1,"column":0},"end":{"line":1,"column":36}}},"s":{"0":0},"branchMap":{"0":{"type":"branch","line":1,"loc":{"start":{"line":1,"column":0},"end":{"line":1,"column":36}},"locations":[{"start":{"line":1,"column":0},"end":{"line":1,"column":36}}]}},"b":{"0":[0]},"fnMap":{"0":{"name":"(empty-report)","decl":{"start":{"line":1,"column":0},"end":{"line":1,"column":36}},"loc":{"start":{"line":1,"column":0},"end":{"line":1,"column":36}},"line":1}},"f":{"0":0}},"/home/bjorn/repos/agents/contribux/.next/server/interception-route-rewrite-manifest.js":{"path":"/home/bjorn/repos/agents/contribux/.next/server/interception-route-rewrite-manifest.js","all":true,"statementMap":{"0":{"start":{"line":1,"column":0},"end":{"line":1,"column":48}}},"s":{"0":0},"branchMap":{"0":{"type":"branch","line":1,"loc":{"start":{"line":1,"column":0},"end":{"line":1,"column":48}},"locations":[{"start":{"line":1,"column":0},"end":{"line":1,"column":48}}]}},"b":{"0":[0]},"fnMap":{"0":{"name":"(empty-report)","decl":{"start":{"line":1,"column":0},"end":{"line":1,"column":48}},"loc":{"start":{"line":1,"column":0},"end":{"line":1,"column":48}},"line":1}},"f":{"0":0}},"/home/bjorn/repos/agents/contribux/.next/server/webpack-runtime.js":{"path":"/home/bjorn/repos/agents/contribux/.next/server/webpack-runtime.js","all":true,"statementMap":{"0":{"start":{"line":1,"column":0},"end":{"line":1,"column":1469}}},"s":{"0":0},"branchMap":{"0":{"type":"branch","line":1,"loc":{"start":{"line":1,"column":0},"end":{"line":1,"column":1468}},"locations":[{"start":{"line":1,"column":0},"end":{"line":1,"column":1468}}]}},"b":{"0":[0]},"fnMap":{"0":{"name":"(empty-report)","decl":{"start":{"line":1,"column":0},"end":{"line":1,"column":1468}},"loc":{"start":{"line":1,"column":0},"end":{"line":1,"column":1468}},"line":1}},"f":{"0":0}},"/home/bjorn/repos/agents/contribux/public/workbox-db63acfa.js":{"path":"/home/bjorn/repos/agents/contribux/public/workbox-db63acfa.js","all":true,"statementMap":{"0":{"start":{"line":1,"column":0},"end":{"line":1,"column":21666}}},"s":{"0":0},"branchMap":{"0":{"type":"branch","line":1,"loc":{"start":{"line":1,"column":0},"end":{"line":1,"column":21634}},"locations":[{"start":{"line":1,"column":0},"end":{"line":1,"column":21634}}]}},"b":{"0":[0]},"fnMap":{"0":{"name":"(empty-report)","decl":{"start":{"line":1,"column":0},"end":{"line":1,"column":21634}},"loc":{"start":{"line":1,"column":0},"end":{"line":1,"column":21634}},"line":1}},"f":{"0":0}},"/home/bjorn/repos/agents/contribux/.next/server/server-reference-manifest.js":{"path":"/home/bjorn/repos/agents/contribux/.next/server/server-reference-manifest.js","all":true,"statementMap":{"0":{"start":{"line":1,"column":0},"end":{"line":1,"column":123}}},"s":{"0":0},"branchMap":{"0":{"type":"branch","line":1,"loc":{"start":{"line":1,"column":0},"end":{"line":1,"column":123}},"locations":[{"start":{"line":1,"column":0},"end":{"line":1,"column":123}}]}},"b":{"0":[0]},"fnMap":{"0":{"name":"(empty-report)","decl":{"start":{"line":1,"column":0},"end":{"line":1,"column":123}},"loc":{"start":{"line":1,"column":0},"end":{"line":1,"column":123}},"line":1}},"f":{"0":0}},"/home/bjorn/repos/agents/contribux/.next/server/next-font-manifest.js":{"path":"/home/bjorn/repos/agents/contribux/.next/server/next-font-manifest.js","all":true,"statementMap":{"0":{"start":{"line":1,"column":0},"end":{"line":1,"column":200}}},"s":{"0":0},"branchMap":{"0":{"type":"branch","line":1,"loc":{"start":{"line":1,"column":0},"end":{"line":1,"column":200}},"locations":[{"start":{"line":1,"column":0},"end":{"line":1,"column":200}}]}},"b":{"0":[0]},"fnMap":{"0":{"name":"(empty-report)","decl":{"start":{"line":1,"column":0},"end":{"line":1,"column":200}},"loc":{"start":{"line":1,"column":0},"end":{"line":1,"column":200}},"line":1}},"f":{"0":0}},"/home/bjorn/repos/agents/contribux/.next/server/middleware-build-manifest.js":{"path":"/home/bjorn/repos/agents/contribux/.next/server/middleware-build-manifest.js","all":true,"statementMap":{"0":{"start":{"line":1,"column":0},"end":{"line":1,"column":921}}},"s":{"0":0},"branchMap":{"0":{"type":"branch","line":1,"loc":{"start":{"line":1,"column":0},"end":{"line":1,"column":921}},"locations":[{"start":{"line":1,"column":0},"end":{"line":1,"column":921}}]}},"b":{"0":[0]},"fnMap":{"0":{"name":"(empty-report)","decl":{"start":{"line":1,"column":0},"end":{"line":1,"column":921}},"loc":{"start":{"line":1,"column":0},"end":{"line":1,"column":921}},"line":1}},"f":{"0":0}},"/home/bjorn/repos/agents/contribux/src/app/icon.tsx":{"path":"/home/bjorn/repos/agents/contribux/src/app/icon.tsx","all":true,"statementMap":{"0":{"start":{"line":1,"column":0},"end":{"line":1,"column":39}},"2":{"start":{"line":3,"column":0},"end":{"line":3,"column":21}},"3":{"start":{"line":4,"column":0},"end":{"line":4,"column":13}},"4":{"start":{"line":5,"column":0},"end":{"line":5,"column":14}},"5":{"start":{"line":6,"column":0},"end":{"line":6,"column":1}},"6":{"start":{"line":7,"column":0},"end":{"line":7,"column":38}},"8":{"start":{"line":9,"column":0},"end":{"line":9,"column":32}},"9":{"start":{"line":10,"column":0},"end":{"line":10,"column":27}},"10":{"start":{"line":11,"column":0},"end":{"line":11,"column":8}},"11":{"start":{"line":12,"column":0},"end":{"line":12,"column":14}},"12":{"start":{"line":13,"column":0},"end":{"line":13,"column":22}},"13":{"start":{"line":14,"column":0},"end":{"line":14,"column":72}},"14":{"start":{"line":15,"column":0},"end":{"line":15,"column":22}},"15":{"start":{"line":16,"column":0},"end":{"line":16,"column":23}},"16":{"start":{"line":17,"column":0},"end":{"line":17,"column":24}},"17":{"start":{"line":18,"column":0},"end":{"line":18,"column":29}},"18":{"start":{"line":19,"column":0},"end":{"line":19,"column":33}},"19":{"start":{"line":20,"column":0},"end":{"line":20,"column":23}},"20":{"start":{"line":21,"column":0},"end":{"line":21,"column":40}},"21":{"start":{"line":22,"column":0},"end":{"line":22,"column":24}},"22":{"start":{"line":23,"column":0},"end":{"line":23,"column":29}},"23":{"start":{"line":24,"column":0},"end":{"line":24,"column":36}},"24":{"start":{"line":25,"column":0},"end":{"line":25,"column":8}},"25":{"start":{"line":26,"column":0},"end":{"line":26,"column":5}},"27":{"start":{"line":28,"column":0},"end":{"line":28,"column":11}},"28":{"start":{"line":29,"column":0},"end":{"line":29,"column":5}},"29":{"start":{"line":30,"column":0},"end":{"line":30,"column":14}},"30":{"start":{"line":31,"column":0},"end":{"line":31,"column":5}},"31":{"start":{"line":32,"column":0},"end":{"line":32,"column":3}},"32":{"start":{"line":33,"column":0},"end":{"line":33,"column":1}}},"s":{"0":0,"2":0,"3":0,"4":0,"5":0,"6":0,"8":0,"9":0,"10":0,"11":0,"12":0,"13":0,"14":0,"15":0,"16":0,"17":0,"18":0,"19":0,"20":0,"21":0,"22":0,"23":0,"24":0,"25":0,"27":0,"28":0,"29":0,"30":0,"31":0,"32":0},"branchMap":{"0":{"type":"branch","line":1,"loc":{"start":{"line":1,"column":675},"end":{"line":33,"column":1}},"locations":[{"start":{"line":1,"column":675},"end":{"line":33,"column":1}}]}},"b":{"0":[0]},"fnMap":{"0":{"name":"(empty-report)","decl":{"start":{"line":1,"column":675},"end":{"line":33,"column":1}},"loc":{"start":{"line":1,"column":675},"end":{"line":33,"column":1}},"line":1}},"f":{"0":0}},"/home/bjorn/repos/agents/contribux/src/app/manifest.ts":{"path":"/home/bjorn/repos/agents/contribux/src/app/manifest.ts","all":true,"statementMap":{"2":{"start":{"line":3,"column":0},"end":{"line":3,"column":60}},"3":{"start":{"line":4,"column":0},"end":{"line":4,"column":10}},"4":{"start":{"line":5,"column":0},"end":{"line":5,"column":22}},"5":{"start":{"line":6,"column":0},"end":{"line":6,"column":28}},"6":{"start":{"line":7,"column":0},"end":{"line":7,"column":69}},"7":{"start":{"line":8,"column":0},"end":{"line":8,"column":19}},"8":{"start":{"line":9,"column":0},"end":{"line":9,"column":26}},"9":{"start":{"line":10,"column":0},"end":{"line":10,"column":32}},"10":{"start":{"line":11,"column":0},"end":{"line":11,"column":27}},"11":{"start":{"line":12,"column":0},"end":{"line":12,"column":28}},"12":{"start":{"line":13,"column":0},"end":{"line":13,"column":15}},"13":{"start":{"line":14,"column":0},"end":{"line":14,"column":64}},"14":{"start":{"line":15,"column":0},"end":{"line":15,"column":15}},"15":{"start":{"line":16,"column":0},"end":{"line":16,"column":15}},"16":{"start":{"line":17,"column":0},"end":{"line":17,"column":39}},"17":{"start":{"line":18,"column":0},"end":{"line":18,"column":12}},"18":{"start":{"line":19,"column":0},"end":{"line":19,"column":7}},"19":{"start":{"line":20,"column":0},"end":{"line":20,"column":33}},"20":{"start":{"line":21,"column":0},"end":{"line":21,"column":25}},"21":{"start":{"line":22,"column":0},"end":{"line":22,"column":26}},"22":{"start":{"line":23,"column":0},"end":{"line":23,"column":23}},"23":{"start":{"line":24,"column":0},"end":{"line":24,"column":8}},"24":{"start":{"line":25,"column":0},"end":{"line":25,"column":7}},"25":{"start":{"line":26,"column":0},"end":{"line":26,"column":33}},"26":{"start":{"line":27,"column":0},"end":{"line":27,"column":25}},"27":{"start":{"line":28,"column":0},"end":{"line":28,"column":26}},"28":{"start":{"line":29,"column":0},"end":{"line":29,"column":23}},"29":{"start":{"line":30,"column":0},"end":{"line":30,"column":8}},"30":{"start":{"line":31,"column":0},"end":{"line":31,"column":7}},"31":{"start":{"line":32,"column":0},"end":{"line":32,"column":42}},"32":{"start":{"line":33,"column":0},"end":{"line":33,"column":25}},"33":{"start":{"line":34,"column":0},"end":{"line":34,"column":26}},"34":{"start":{"line":35,"column":0},"end":{"line":35,"column":28}},"35":{"start":{"line":36,"column":0},"end":{"line":36,"column":8}},"36":{"start":{"line":37,"column":0},"end":{"line":37,"column":6}},"37":{"start":{"line":38,"column":0},"end":{"line":38,"column":3}},"38":{"start":{"line":39,"column":0},"end":{"line":39,"column":1}}},"s":{"2":0,"3":0,"4":0,"5":0,"6":0,"7":0,"8":0,"9":0,"10":0,"11":0,"12":0,"13":0,"14":0,"15":0,"16":0,"17":0,"18":0,"19":0,"20":0,"21":0,"22":0,"23":0,"24":0,"25":0,"26":0,"27":0,"28":0,"29":0,"30":0,"31":0,"32":0,"33":0,"34":0,"35":0,"36":0,"37":0,"38":0},"branchMap":{"0":{"type":"branch","line":1,"loc":{"start":{"line":1,"column":950},"end":{"line":39,"column":1}},"locations":[{"start":{"line":1,"column":950},"end":{"line":39,"column":1}}]}},"b":{"0":[1]},"fnMap":{"0":{"name":"(empty-report)","decl":{"start":{"line":1,"column":950},"end":{"line":39,"column":1}},"loc":{"start":{"line":1,"column":950},"end":{"line":39,"column":1}},"line":1}},"f":{"0":1}},"/home/bjorn/repos/agents/contribux/src/app/layout.tsx":{"path":"/home/bjorn/repos/agents/contribux/src/app/layout.tsx","all":true,"statementMap":{"1":{"start":{"line":2,"column":0},"end":{"line":2,"column":40}},"2":{"start":{"line":3,"column":0},"end":{"line":3,"column":22}},"4":{"start":{"line":5,"column":0},"end":{"line":5,"column":43}},"6":{"start":{"line":7,"column":0},"end":{"line":7,"column":35}},"7":{"start":{"line":8,"column":0},"end":{"line":8,"column":21}},"8":{"start":{"line":9,"column":0},"end":{"line":9,"column":67}},"9":{"start":{"line":10,"column":0},"end":{"line":10,"column":1}},"11":{"start":{"line":12,"column":0},"end":{"line":12,"column":36}},"12":{"start":{"line":13,"column":0},"end":{"line":13,"column":10}},"13":{"start":{"line":14,"column":0},"end":{"line":14,"column":26}},"14":{"start":{"line":15,"column":0},"end":{"line":15,"column":20}},"15":{"start":{"line":16,"column":0},"end":{"line":16,"column":20}},"16":{"start":{"line":17,"column":0},"end":{"line":17,"column":26}},"17":{"start":{"line":18,"column":0},"end":{"line":18,"column":3}},"18":{"start":{"line":19,"column":0},"end":{"line":19,"column":1}},"20":{"start":{"line":21,"column":0},"end":{"line":21,"column":81}},"21":{"start":{"line":22,"column":0},"end":{"line":22,"column":10}},"22":{"start":{"line":23,"column":0},"end":{"line":23,"column":20}},"23":{"start":{"line":24,"column":0},"end":{"line":24,"column":57}},"24":{"start":{"line":25,"column":0},"end":{"line":25,"column":11}},"26":{"start":{"line":27,"column":0},"end":{"line":27,"column":1}}},"s":{"1":0,"2":0,"4":0,"6":0,"7":0,"8":0,"9":0,"11":0,"12":0,"13":0,"14":0,"15":0,"16":0,"17":0,"18":0,"20":0,"21":0,"22":0,"23":0,"24":0,"26":0},"branchMap":{"0":{"type":"branch","line":1,"loc":{"start":{"line":1,"column":616},"end":{"line":27,"column":1}},"locations":[{"start":{"line":1,"column":616},"end":{"line":27,"column":1}}]}},"b":{"0":[1]},"fnMap":{"0":{"name":"(empty-report)","decl":{"start":{"line":1,"column":616},"end":{"line":27,"column":1}},"loc":{"start":{"line":1,"column":616},"end":{"line":27,"column":1}},"line":1}},"f":{"0":1}},"/home/bjorn/repos/agents/contribux/src/lib/startup-validation.ts":{"path":"/home/bjorn/repos/agents/contribux/src/lib/startup-validation.ts","all":true,"statementMap":{"11":{"start":{"line":12,"column":0},"end":{"line":12,"column":63}},"12":{"start":{"line":13,"column":0},"end":{"line":13,"column":63}},"25":{"start":{"line":26,"column":0},"end":{"line":26,"column":54}},"26":{"start":{"line":27,"column":0},"end":{"line":27,"column":66}},"28":{"start":{"line":29,"column":0},"end":{"line":29,"column":7}},"30":{"start":{"line":31,"column":0},"end":{"line":31,"column":56}},"31":{"start":{"line":32,"column":0},"end":{"line":32,"column":34}},"34":{"start":{"line":35,"column":0},"end":{"line":35,"column":47}},"37":{"start":{"line":38,"column":0},"end":{"line":38,"column":30}},"38":{"start":{"line":39,"column":0},"end":{"line":39,"column":59}},"39":{"start":{"line":40,"column":0},"end":{"line":40,"column":30}},"40":{"start":{"line":41,"column":0},"end":{"line":41,"column":5}},"43":{"start":{"line":44,"column":0},"end":{"line":44,"column":58}},"44":{"start":{"line":45,"column":0},"end":{"line":45,"column":39}},"46":{"start":{"line":47,"column":0},"end":{"line":47,"column":62}},"47":{"start":{"line":48,"column":0},"end":{"line":48,"column":72}},"48":{"start":{"line":49,"column":0},"end":{"line":49,"column":20}},"49":{"start":{"line":50,"column":0},"end":{"line":50,"column":61}},"50":{"start":{"line":51,"column":0},"end":{"line":51,"column":95}},"51":{"start":{"line":52,"column":0},"end":{"line":52,"column":19}},"52":{"start":{"line":53,"column":0},"end":{"line":53,"column":3}},"53":{"start":{"line":54,"column":0},"end":{"line":54,"column":1}},"58":{"start":{"line":59,"column":0},"end":{"line":59,"column":77}},"59":{"start":{"line":60,"column":0},"end":{"line":60,"column":38}},"62":{"start":{"line":63,"column":0},"end":{"line":63,"column":25}},"63":{"start":{"line":64,"column":0},"end":{"line":64,"column":59}},"64":{"start":{"line":65,"column":0},"end":{"line":65,"column":42}},"65":{"start":{"line":66,"column":0},"end":{"line":66,"column":47}},"66":{"start":{"line":67,"column":0},"end":{"line":67,"column":90}},"67":{"start":{"line":68,"column":0},"end":{"line":68,"column":5}},"68":{"start":{"line":69,"column":0},"end":{"line":69,"column":3}},"71":{"start":{"line":72,"column":0},"end":{"line":72,"column":28}},"72":{"start":{"line":73,"column":0},"end":{"line":73,"column":36}},"73":{"start":{"line":74,"column":0},"end":{"line":74,"column":3}},"76":{"start":{"line":77,"column":0},"end":{"line":77,"column":37}},"77":{"start":{"line":78,"column":0},"end":{"line":78,"column":73}},"78":{"start":{"line":79,"column":0},"end":{"line":79,"column":3}},"80":{"start":{"line":81,"column":0},"end":{"line":81,"column":85}},"81":{"start":{"line":82,"column":0},"end":{"line":82,"column":1}},"86":{"start":{"line":87,"column":0},"end":{"line":87,"column":49}},"87":{"start":{"line":88,"column":0},"end":{"line":88,"column":7}},"88":{"start":{"line":89,"column":0},"end":{"line":89,"column":47}},"90":{"start":{"line":91,"column":0},"end":{"line":91,"column":58}},"91":{"start":{"line":92,"column":0},"end":{"line":92,"column":50}},"92":{"start":{"line":93,"column":0},"end":{"line":93,"column":78}},"93":{"start":{"line":94,"column":0},"end":{"line":94,"column":78}},"94":{"start":{"line":95,"column":0},"end":{"line":95,"column":73}},"95":{"start":{"line":96,"column":0},"end":{"line":96,"column":79}},"96":{"start":{"line":97,"column":0},"end":{"line":97,"column":88}},"97":{"start":{"line":98,"column":0},"end":{"line":98,"column":83}},"98":{"start":{"line":99,"column":0},"end":{"line":99,"column":19}},"99":{"start":{"line":100,"column":0},"end":{"line":100,"column":19}},"100":{"start":{"line":101,"column":0},"end":{"line":101,"column":17}},"101":{"start":{"line":102,"column":0},"end":{"line":102,"column":45}},"102":{"start":{"line":103,"column":0},"end":{"line":103,"column":62}},"103":{"start":{"line":104,"column":0},"end":{"line":104,"column":5}},"104":{"start":{"line":105,"column":0},"end":{"line":105,"column":3}},"105":{"start":{"line":106,"column":0},"end":{"line":106,"column":1}},"110":{"start":{"line":111,"column":0},"end":{"line":111,"column":49}},"114":{"start":{"line":115,"column":0},"end":{"line":115,"column":3}},"115":{"start":{"line":116,"column":0},"end":{"line":116,"column":31}},"116":{"start":{"line":117,"column":0},"end":{"line":117,"column":29}},"118":{"start":{"line":119,"column":0},"end":{"line":119,"column":7}},"119":{"start":{"line":120,"column":0},"end":{"line":120,"column":47}},"122":{"start":{"line":123,"column":0},"end":{"line":123,"column":30}},"123":{"start":{"line":124,"column":0},"end":{"line":124,"column":11}},"124":{"start":{"line":125,"column":0},"end":{"line":125,"column":32}},"125":{"start":{"line":126,"column":0},"end":{"line":126,"column":33}},"126":{"start":{"line":127,"column":0},"end":{"line":127,"column":23}},"127":{"start":{"line":128,"column":0},"end":{"line":128,"column":98}},"128":{"start":{"line":129,"column":0},"end":{"line":129,"column":7}},"129":{"start":{"line":130,"column":0},"end":{"line":130,"column":5}},"132":{"start":{"line":133,"column":0},"end":{"line":133,"column":27}},"133":{"start":{"line":134,"column":0},"end":{"line":134,"column":61}},"134":{"start":{"line":135,"column":0},"end":{"line":135,"column":37}},"135":{"start":{"line":136,"column":0},"end":{"line":136,"column":14}},"136":{"start":{"line":137,"column":0},"end":{"line":137,"column":56}},"137":{"start":{"line":138,"column":0},"end":{"line":138,"column":7}},"138":{"start":{"line":139,"column":0},"end":{"line":139,"column":5}},"141":{"start":{"line":142,"column":0},"end":{"line":142,"column":26}},"142":{"start":{"line":143,"column":0},"end":{"line":143,"column":40}},"143":{"start":{"line":144,"column":0},"end":{"line":144,"column":5}},"145":{"start":{"line":146,"column":0},"end":{"line":146,"column":12}},"146":{"start":{"line":147,"column":0},"end":{"line":147,"column":56}},"147":{"start":{"line":148,"column":0},"end":{"line":148,"column":15}},"148":{"start":{"line":149,"column":0},"end":{"line":149,"column":13}},"149":{"start":{"line":150,"column":0},"end":{"line":150,"column":5}},"150":{"start":{"line":151,"column":0},"end":{"line":151,"column":19}},"151":{"start":{"line":152,"column":0},"end":{"line":152,"column":12}},"152":{"start":{"line":153,"column":0},"end":{"line":153,"column":19}},"153":{"start":{"line":154,"column":0},"end":{"line":154,"column":19}},"154":{"start":{"line":155,"column":0},"end":{"line":155,"column":15}},"155":{"start":{"line":156,"column":0},"end":{"line":156,"column":101}},"156":{"start":{"line":157,"column":0},"end":{"line":157,"column":8}},"157":{"start":{"line":158,"column":0},"end":{"line":158,"column":5}},"158":{"start":{"line":159,"column":0},"end":{"line":159,"column":3}},"159":{"start":{"line":160,"column":0},"end":{"line":160,"column":1}}},"s":{"11":0,"12":0,"25":0,"26":0,"28":0,"30":0,"31":0,"34":0,"37":0,"38":0,"39":0,"40":0,"43":0,"44":0,"46":0,"47":0,"48":0,"49":0,"50":0,"51":0,"52":0,"53":0,"58":0,"59":0,"62":0,"63":0,"64":0,"65":0,"66":0,"67":0,"68":0,"71":0,"72":0,"73":0,"76":0,"77":0,"78":0,"80":0,"81":0,"86":0,"87":0,"88":0,"90":0,"91":0,"92":0,"93":0,"94":0,"95":0,"96":0,"97":0,"98":0,"99":0,"100":0,"101":0,"102":0,"103":0,"104":0,"105":0,"110":0,"114":0,"115":0,"116":0,"118":0,"119":0,"122":0,"123":0,"124":0,"125":0,"126":0,"127":0,"128":0,"129":0,"132":0,"133":0,"134":0,"135":0,"136":0,"137":0,"138":0,"141":0,"142":0,"143":0,"145":0,"146":0,"147":0,"148":0,"149":0,"150":0,"151":0,"152":0,"153":0,"154":0,"155":0,"156":0,"157":0,"158":0,"159":0},"branchMap":{"0":{"type":"branch","line":1,"loc":{"start":{"line":1,"column":4941},"end":{"line":160,"column":1}},"locations":[{"start":{"line":1,"column":4941},"end":{"line":160,"column":1}}]}},"b":{"0":[1]},"fnMap":{"0":{"name":"(empty-report)","decl":{"start":{"line":1,"column":4941},"end":{"line":160,"column":1}},"loc":{"start":{"line":1,"column":4941},"end":{"line":160,"column":1}},"line":1}},"f":{"0":1}},"/home/bjorn/repos/agents/contribux/src/lib/monitoring/database-monitor.ts":{"path":"/home/bjorn/repos/agents/contribux/src/lib/monitoring/database-monitor.ts","all":true,"statementMap":{"1":{"start":{"line":2,"column":0},"end":{"line":2,"column":47}},"2":{"start":{"line":3,"column":0},"end":{"line":3,"column":45}},"3":{"start":{"line":4,"column":0},"end":{"line":4,"column":8}},"22":{"start":{"line":23,"column":0},"end":{"line":23,"column":30}},"25":{"start":{"line":26,"column":0},"end":{"line":26,"column":41}},"26":{"start":{"line":27,"column":0},"end":{"line":27,"column":37}},"27":{"start":{"line":28,"column":0},"end":{"line":28,"column":3}},"29":{"start":{"line":30,"column":0},"end":{"line":30,"column":60}},"30":{"start":{"line":31,"column":0},"end":{"line":31,"column":9}},"31":{"start":{"line":32,"column":0},"end":{"line":32,"column":36}},"40":{"start":{"line":41,"column":0},"end":{"line":41,"column":44}},"41":{"start":{"line":42,"column":0},"end":{"line":42,"column":40}},"42":{"start":{"line":43,"column":0},"end":{"line":43,"column":59}},"43":{"start":{"line":44,"column":0},"end":{"line":44,"column":66}},"44":{"start":{"line":45,"column":0},"end":{"line":45,"column":67}},"45":{"start":{"line":46,"column":0},"end":{"line":46,"column":63}},"46":{"start":{"line":47,"column":0},"end":{"line":47,"column":8}},"48":{"start":{"line":49,"column":0},"end":{"line":49,"column":51}},"49":{"start":{"line":50,"column":0},"end":{"line":50,"column":21}},"50":{"start":{"line":51,"column":0},"end":{"line":51,"column":63}},"51":{"start":{"line":52,"column":0},"end":{"line":52,"column":35}},"52":{"start":{"line":53,"column":0},"end":{"line":53,"column":5}},"53":{"start":{"line":54,"column":0},"end":{"line":54,"column":3}},"55":{"start":{"line":56,"column":0},"end":{"line":56,"column":58}},"56":{"start":{"line":57,"column":0},"end":{"line":57,"column":9}},"57":{"start":{"line":58,"column":0},"end":{"line":58,"column":36}},"65":{"start":{"line":66,"column":0},"end":{"line":66,"column":107}},"67":{"start":{"line":68,"column":0},"end":{"line":68,"column":22}},"70":{"start":{"line":71,"column":0},"end":{"line":71,"column":69}},"71":{"start":{"line":72,"column":0},"end":{"line":72,"column":21}},"72":{"start":{"line":73,"column":0},"end":{"line":73,"column":97}},"73":{"start":{"line":74,"column":0},"end":{"line":74,"column":15}},"74":{"start":{"line":75,"column":0},"end":{"line":75,"column":5}},"75":{"start":{"line":76,"column":0},"end":{"line":76,"column":3}},"77":{"start":{"line":78,"column":0},"end":{"line":78,"column":52}},"78":{"start":{"line":79,"column":0},"end":{"line":79,"column":9}},"79":{"start":{"line":80,"column":0},"end":{"line":80,"column":36}},"92":{"start":{"line":93,"column":0},"end":{"line":93,"column":69}},"93":{"start":{"line":94,"column":0},"end":{"line":94,"column":21}},"94":{"start":{"line":95,"column":0},"end":{"line":95,"column":62}},"95":{"start":{"line":96,"column":0},"end":{"line":96,"column":15}},"96":{"start":{"line":97,"column":0},"end":{"line":97,"column":5}},"97":{"start":{"line":98,"column":0},"end":{"line":98,"column":3}},"99":{"start":{"line":100,"column":0},"end":{"line":100,"column":63}},"100":{"start":{"line":101,"column":0},"end":{"line":101,"column":9}},"101":{"start":{"line":102,"column":0},"end":{"line":102,"column":36}},"113":{"start":{"line":114,"column":0},"end":{"line":114,"column":77}},"114":{"start":{"line":115,"column":0},"end":{"line":115,"column":21}},"115":{"start":{"line":116,"column":0},"end":{"line":116,"column":65}},"116":{"start":{"line":117,"column":0},"end":{"line":117,"column":15}},"117":{"start":{"line":118,"column":0},"end":{"line":118,"column":5}},"118":{"start":{"line":119,"column":0},"end":{"line":119,"column":3}},"120":{"start":{"line":121,"column":0},"end":{"line":121,"column":47}},"121":{"start":{"line":122,"column":0},"end":{"line":122,"column":9}},"122":{"start":{"line":123,"column":0},"end":{"line":123,"column":36}},"134":{"start":{"line":135,"column":0},"end":{"line":135,"column":69}},"135":{"start":{"line":136,"column":0},"end":{"line":136,"column":21}},"136":{"start":{"line":137,"column":0},"end":{"line":137,"column":56}},"137":{"start":{"line":138,"column":0},"end":{"line":138,"column":15}},"138":{"start":{"line":139,"column":0},"end":{"line":139,"column":5}},"139":{"start":{"line":140,"column":0},"end":{"line":140,"column":3}},"141":{"start":{"line":142,"column":0},"end":{"line":142,"column":56}},"142":{"start":{"line":143,"column":0},"end":{"line":143,"column":36}},"143":{"start":{"line":144,"column":0},"end":{"line":144,"column":69}},"145":{"start":{"line":146,"column":0},"end":{"line":146,"column":9}},"147":{"start":{"line":148,"column":0},"end":{"line":148,"column":30}},"148":{"start":{"line":149,"column":0},"end":{"line":149,"column":18}},"149":{"start":{"line":150,"column":0},"end":{"line":150,"column":33}},"150":{"start":{"line":151,"column":0},"end":{"line":151,"column":40}},"151":{"start":{"line":152,"column":0},"end":{"line":152,"column":23}},"152":{"start":{"line":153,"column":0},"end":{"line":153,"column":44}},"153":{"start":{"line":154,"column":0},"end":{"line":154,"column":10}},"154":{"start":{"line":155,"column":0},"end":{"line":155,"column":7}},"155":{"start":{"line":156,"column":0},"end":{"line":156,"column":22}},"156":{"start":{"line":157,"column":0},"end":{"line":157,"column":18}},"157":{"start":{"line":158,"column":0},"end":{"line":158,"column":33}},"158":{"start":{"line":159,"column":0},"end":{"line":159,"column":40}},"159":{"start":{"line":160,"column":0},"end":{"line":160,"column":24}},"160":{"start":{"line":161,"column":0},"end":{"line":161,"column":39}},"161":{"start":{"line":162,"column":0},"end":{"line":162,"column":10}},"162":{"start":{"line":163,"column":0},"end":{"line":163,"column":7}},"163":{"start":{"line":164,"column":0},"end":{"line":164,"column":32}},"164":{"start":{"line":165,"column":0},"end":{"line":165,"column":5}},"166":{"start":{"line":167,"column":0},"end":{"line":167,"column":9}},"168":{"start":{"line":169,"column":0},"end":{"line":169,"column":46}},"174":{"start":{"line":175,"column":0},"end":{"line":175,"column":91}},"175":{"start":{"line":176,"column":0},"end":{"line":176,"column":79}},"176":{"start":{"line":177,"column":0},"end":{"line":177,"column":68}},"177":{"start":{"line":178,"column":0},"end":{"line":178,"column":90}},"179":{"start":{"line":180,"column":0},"end":{"line":180,"column":33}},"180":{"start":{"line":181,"column":0},"end":{"line":181,"column":20}},"181":{"start":{"line":182,"column":0},"end":{"line":182,"column":35}},"182":{"start":{"line":183,"column":0},"end":{"line":183,"column":40}},"183":{"start":{"line":184,"column":0},"end":{"line":184,"column":25}},"184":{"start":{"line":185,"column":0},"end":{"line":185,"column":48}},"185":{"start":{"line":186,"column":0},"end":{"line":186,"column":12}},"186":{"start":{"line":187,"column":0},"end":{"line":187,"column":9}},"187":{"start":{"line":188,"column":0},"end":{"line":188,"column":14}},"188":{"start":{"line":189,"column":0},"end":{"line":189,"column":20}},"189":{"start":{"line":190,"column":0},"end":{"line":190,"column":35}},"190":{"start":{"line":191,"column":0},"end":{"line":191,"column":40}},"191":{"start":{"line":192,"column":0},"end":{"line":192,"column":26}},"192":{"start":{"line":193,"column":0},"end":{"line":193,"column":54}},"193":{"start":{"line":194,"column":0},"end":{"line":194,"column":12}},"194":{"start":{"line":195,"column":0},"end":{"line":195,"column":9}},"195":{"start":{"line":196,"column":0},"end":{"line":196,"column":33}},"196":{"start":{"line":197,"column":0},"end":{"line":197,"column":7}},"197":{"start":{"line":198,"column":0},"end":{"line":198,"column":22}},"198":{"start":{"line":199,"column":0},"end":{"line":199,"column":18}},"199":{"start":{"line":200,"column":0},"end":{"line":200,"column":33}},"200":{"start":{"line":201,"column":0},"end":{"line":201,"column":38}},"201":{"start":{"line":202,"column":0},"end":{"line":202,"column":24}},"202":{"start":{"line":203,"column":0},"end":{"line":203,"column":48}},"203":{"start":{"line":204,"column":0},"end":{"line":204,"column":10}},"204":{"start":{"line":205,"column":0},"end":{"line":205,"column":7}},"205":{"start":{"line":206,"column":0},"end":{"line":206,"column":31}},"206":{"start":{"line":207,"column":0},"end":{"line":207,"column":5}},"208":{"start":{"line":209,"column":0},"end":{"line":209,"column":9}},"210":{"start":{"line":211,"column":0},"end":{"line":211,"column":62}},"211":{"start":{"line":212,"column":0},"end":{"line":212,"column":37}},"212":{"start":{"line":213,"column":0},"end":{"line":213,"column":20}},"213":{"start":{"line":214,"column":0},"end":{"line":214,"column":35}},"214":{"start":{"line":215,"column":0},"end":{"line":215,"column":35}},"215":{"start":{"line":216,"column":0},"end":{"line":216,"column":25}},"216":{"start":{"line":217,"column":0},"end":{"line":217,"column":66}},"217":{"start":{"line":218,"column":0},"end":{"line":218,"column":12}},"218":{"start":{"line":219,"column":0},"end":{"line":219,"column":9}},"219":{"start":{"line":220,"column":0},"end":{"line":220,"column":14}},"220":{"start":{"line":221,"column":0},"end":{"line":221,"column":20}},"221":{"start":{"line":222,"column":0},"end":{"line":222,"column":35}},"222":{"start":{"line":223,"column":0},"end":{"line":223,"column":35}},"223":{"start":{"line":224,"column":0},"end":{"line":224,"column":26}},"224":{"start":{"line":225,"column":0},"end":{"line":225,"column":45}},"225":{"start":{"line":226,"column":0},"end":{"line":226,"column":12}},"226":{"start":{"line":227,"column":0},"end":{"line":227,"column":9}},"227":{"start":{"line":228,"column":0},"end":{"line":228,"column":33}},"228":{"start":{"line":229,"column":0},"end":{"line":229,"column":7}},"229":{"start":{"line":230,"column":0},"end":{"line":230,"column":22}},"230":{"start":{"line":231,"column":0},"end":{"line":231,"column":18}},"231":{"start":{"line":232,"column":0},"end":{"line":232,"column":33}},"232":{"start":{"line":233,"column":0},"end":{"line":233,"column":33}},"233":{"start":{"line":234,"column":0},"end":{"line":234,"column":24}},"234":{"start":{"line":235,"column":0},"end":{"line":235,"column":52}},"235":{"start":{"line":236,"column":0},"end":{"line":236,"column":10}},"236":{"start":{"line":237,"column":0},"end":{"line":237,"column":7}},"237":{"start":{"line":238,"column":0},"end":{"line":238,"column":31}},"238":{"start":{"line":239,"column":0},"end":{"line":239,"column":5}},"240":{"start":{"line":241,"column":0},"end":{"line":241,"column":72}},"241":{"start":{"line":242,"column":0},"end":{"line":242,"column":3}},"243":{"start":{"line":244,"column":0},"end":{"line":244,"column":54}},"244":{"start":{"line":245,"column":0},"end":{"line":245,"column":9}},"245":{"start":{"line":246,"column":0},"end":{"line":246,"column":98}},"246":{"start":{"line":247,"column":0},"end":{"line":247,"column":27}},"247":{"start":{"line":248,"column":0},"end":{"line":248,"column":38}},"248":{"start":{"line":249,"column":0},"end":{"line":249,"column":61}},"249":{"start":{"line":250,"column":0},"end":{"line":250,"column":36}},"250":{"start":{"line":251,"column":0},"end":{"line":251,"column":39}},"251":{"start":{"line":252,"column":0},"end":{"line":252,"column":31}},"252":{"start":{"line":253,"column":0},"end":{"line":253,"column":37}},"253":{"start":{"line":254,"column":0},"end":{"line":254,"column":10}},"255":{"start":{"line":256,"column":0},"end":{"line":256,"column":49}},"256":{"start":{"line":257,"column":0},"end":{"line":257,"column":86}},"257":{"start":{"line":258,"column":0},"end":{"line":258,"column":19}},"259":{"start":{"line":260,"column":0},"end":{"line":260,"column":29}},"260":{"start":{"line":261,"column":0},"end":{"line":261,"column":30}},"261":{"start":{"line":262,"column":0},"end":{"line":262,"column":23}},"262":{"start":{"line":263,"column":0},"end":{"line":263,"column":19}},"263":{"start":{"line":264,"column":0},"end":{"line":264,"column":20}},"264":{"start":{"line":265,"column":0},"end":{"line":265,"column":126}},"265":{"start":{"line":266,"column":0},"end":{"line":266,"column":15}},"266":{"start":{"line":267,"column":0},"end":{"line":267,"column":25}},"267":{"start":{"line":268,"column":0},"end":{"line":268,"column":35}},"269":{"start":{"line":270,"column":0},"end":{"line":270,"column":31}},"270":{"start":{"line":271,"column":0},"end":{"line":271,"column":32}},"271":{"start":{"line":272,"column":0},"end":{"line":272,"column":25}},"272":{"start":{"line":273,"column":0},"end":{"line":273,"column":19}},"273":{"start":{"line":274,"column":0},"end":{"line":274,"column":22}},"274":{"start":{"line":275,"column":0},"end":{"line":275,"column":103}},"275":{"start":{"line":276,"column":0},"end":{"line":276,"column":15}},"276":{"start":{"line":277,"column":0},"end":{"line":277,"column":25}},"277":{"start":{"line":278,"column":0},"end":{"line":278,"column":37}},"279":{"start":{"line":280,"column":0},"end":{"line":280,"column":39}},"280":{"start":{"line":281,"column":0},"end":{"line":281,"column":20}},"281":{"start":{"line":282,"column":0},"end":{"line":282,"column":13}},"282":{"start":{"line":283,"column":0},"end":{"line":283,"column":18}},"283":{"start":{"line":284,"column":0},"end":{"line":284,"column":114}},"284":{"start":{"line":285,"column":0},"end":{"line":285,"column":9}},"285":{"start":{"line":286,"column":0},"end":{"line":286,"column":19}},"287":{"start":{"line":288,"column":0},"end":{"line":288,"column":39}},"288":{"start":{"line":289,"column":0},"end":{"line":289,"column":21}},"289":{"start":{"line":290,"column":0},"end":{"line":290,"column":13}},"290":{"start":{"line":291,"column":0},"end":{"line":291,"column":16}},"291":{"start":{"line":292,"column":0},"end":{"line":292,"column":110}},"292":{"start":{"line":293,"column":0},"end":{"line":293,"column":9}},"293":{"start":{"line":294,"column":0},"end":{"line":294,"column":19}},"295":{"start":{"line":296,"column":0},"end":{"line":296,"column":51}},"296":{"start":{"line":297,"column":0},"end":{"line":297,"column":38}},"298":{"start":{"line":299,"column":0},"end":{"line":299,"column":53}},"300":{"start":{"line":301,"column":0},"end":{"line":301,"column":19}},"303":{"start":{"line":304,"column":0},"end":{"line":304,"column":49}},"304":{"start":{"line":305,"column":0},"end":{"line":305,"column":45}},"307":{"start":{"line":308,"column":0},"end":{"line":308,"column":18}},"310":{"start":{"line":311,"column":0},"end":{"line":311,"column":20}},"313":{"start":{"line":314,"column":0},"end":{"line":314,"column":17}},"316":{"start":{"line":317,"column":0},"end":{"line":317,"column":18}},"318":{"start":{"line":319,"column":0},"end":{"line":319,"column":26}},"319":{"start":{"line":320,"column":0},"end":{"line":320,"column":21}},"320":{"start":{"line":321,"column":0},"end":{"line":321,"column":68}},"321":{"start":{"line":322,"column":0},"end":{"line":322,"column":61}},"322":{"start":{"line":323,"column":0},"end":{"line":323,"column":5}},"323":{"start":{"line":324,"column":0},"end":{"line":324,"column":3}},"324":{"start":{"line":325,"column":0},"end":{"line":325,"column":1}}},"s":{"1":0,"2":0,"3":0,"22":0,"25":0,"26":0,"27":0,"29":0,"30":0,"31":0,"40":0,"41":0,"42":0,"43":0,"44":0,"45":0,"46":0,"48":0,"49":0,"50":0,"51":0,"52":0,"53":0,"55":0,"56":0,"57":0,"65":0,"67":0,"70":0,"71":0,"72":0,"73":0,"74":0,"75":0,"77":0,"78":0,"79":0,"92":0,"93":0,"94":0,"95":0,"96":0,"97":0,"99":0,"100":0,"101":0,"113":0,"114":0,"115":0,"116":0,"117":0,"118":0,"120":0,"121":0,"122":0,"134":0,"135":0,"136":0,"137":0,"138":0,"139":0,"141":0,"142":0,"143":0,"145":0,"147":0,"148":0,"149":0,"150":0,"151":0,"152":0,"153":0,"154":0,"155":0,"156":0,"157":0,"158":0,"159":0,"160":0,"161":0,"162":0,"163":0,"164":0,"166":0,"168":0,"174":0,"175":0,"176":0,"177":0,"179":0,"180":0,"181":0,"182":0,"183":0,"184":0,"185":0,"186":0,"187":0,"188":0,"189":0,"190":0,"191":0,"192":0,"193":0,"194":0,"195":0,"196":0,"197":0,"198":0,"199":0,"200":0,"201":0,"202":0,"203":0,"204":0,"205":0,"206":0,"208":0,"210":0,"211":0,"212":0,"213":0,"214":0,"215":0,"216":0,"217":0,"218":0,"219":0,"220":0,"221":0,"222":0,"223":0,"224":0,"225":0,"226":0,"227":0,"228":0,"229":0,"230":0,"231":0,"232":0,"233":0,"234":0,"235":0,"236":0,"237":0,"238":0,"240":0,"241":0,"243":0,"244":0,"245":0,"246":0,"247":0,"248":0,"249":0,"250":0,"251":0,"252":0,"253":0,"255":0,"256":0,"257":0,"259":0,"260":0,"261":0,"262":0,"263":0,"264":0,"265":0,"266":0,"267":0,"269":0,"270":0,"271":0,"272":0,"273":0,"274":0,"275":0,"276":0,"277":0,"279":0,"280":0,"281":0,"282":0,"283":0,"284":0,"285":0,"287":0,"288":0,"289":0,"290":0,"291":0,"292":0,"293":0,"295":0,"296":0,"298":0,"300":0,"303":0,"304":0,"307":0,"310":0,"313":0,"316":0,"318":0,"319":0,"320":0,"321":0,"322":0,"323":0,"324":0},"branchMap":{"0":{"type":"branch","line":1,"loc":{"start":{"line":1,"column":9457},"end":{"line":325,"column":1}},"locations":[{"start":{"line":1,"column":9457},"end":{"line":325,"column":1}}]}},"b":{"0":[1]},"fnMap":{"0":{"name":"(empty-report)","decl":{"start":{"line":1,"column":9457},"end":{"line":325,"column":1}},"loc":{"start":{"line":1,"column":9457},"end":{"line":325,"column":1}},"line":1}},"f":{"0":1}},"/home/bjorn/repos/agents/contribux/tailwind.config.ts":{"path":"/home/bjorn/repos/agents/contribux/tailwind.config.ts","all":true,"statementMap":{"2":{"start":{"line":3,"column":0},"end":{"line":3,"column":24}},"3":{"start":{"line":4,"column":0},"end":{"line":4,"column":12}},"4":{"start":{"line":5,"column":0},"end":{"line":5,"column":43}},"5":{"start":{"line":6,"column":0},"end":{"line":6,"column":48}},"6":{"start":{"line":7,"column":0},"end":{"line":7,"column":41}},"7":{"start":{"line":8,"column":0},"end":{"line":8,"column":4}},"8":{"start":{"line":9,"column":0},"end":{"line":9,"column":10}},"9":{"start":{"line":10,"column":0},"end":{"line":10,"column":13}},"10":{"start":{"line":11,"column":0},"end":{"line":11,"column":15}},"11":{"start":{"line":12,"column":0},"end":{"line":12,"column":40}},"12":{"start":{"line":13,"column":0},"end":{"line":13,"column":40}},"13":{"start":{"line":14,"column":0},"end":{"line":14,"column":8}},"14":{"start":{"line":15,"column":0},"end":{"line":15,"column":6}},"15":{"start":{"line":16,"column":0},"end":{"line":16,"column":4}},"16":{"start":{"line":17,"column":0},"end":{"line":17,"column":14}},"17":{"start":{"line":18,"column":0},"end":{"line":18,"column":1}},"19":{"start":{"line":20,"column":0},"end":{"line":20,"column":21}}},"s":{"2":0,"3":0,"4":0,"5":0,"6":0,"7":0,"8":0,"9":0,"10":0,"11":0,"12":0,"13":0,"14":0,"15":0,"16":0,"17":0,"19":0},"branchMap":{"0":{"type":"branch","line":1,"loc":{"start":{"line":1,"column":404},"end":{"line":20,"column":21}},"locations":[{"start":{"line":1,"column":404},"end":{"line":20,"column":21}}]}},"b":{"0":[1]},"fnMap":{"0":{"name":"(empty-report)","decl":{"start":{"line":1,"column":404},"end":{"line":20,"column":21}},"loc":{"start":{"line":1,"column":404},"end":{"line":20,"column":21}},"line":1}},"f":{"0":1}},"/home/bjorn/repos/agents/contribux/src/app/page.tsx":{"path":"/home/bjorn/repos/agents/contribux/src/app/page.tsx","all":true,"statementMap":{"0":{"start":{"line":1,"column":0},"end":{"line":1,"column":32}},"1":{"start":{"line":2,"column":0},"end":{"line":2,"column":10}},"2":{"start":{"line":3,"column":0},"end":{"line":3,"column":82}},"3":{"start":{"line":4,"column":0},"end":{"line":4,"column":100}},"4":{"start":{"line":5,"column":0},"end":{"line":5,"column":80}},"5":{"start":{"line":6,"column":0},"end":{"line":6,"column":12}},"7":{"start":{"line":8,"column":0},"end":{"line":8,"column":56}},"8":{"start":{"line":9,"column":0},"end":{"line":9,"column":102}},"9":{"start":{"line":10,"column":0},"end":{"line":10,"column":92}},"10":{"start":{"line":11,"column":0},"end":{"line":11,"column":83}},"12":{"start":{"line":13,"column":0},"end":{"line":13,"column":14}},"13":{"start":{"line":14,"column":0},"end":{"line":14,"column":14}},"14":{"start":{"line":15,"column":0},"end":{"line":15,"column":12}},"15":{"start":{"line":16,"column":0},"end":{"line":16,"column":11}},"17":{"start":{"line":18,"column":0},"end":{"line":18,"column":1}}},"s":{"0":0,"1":0,"2":0,"3":0,"4":0,"5":0,"7":0,"8":0,"9":0,"10":0,"12":0,"13":0,"14":0,"15":0,"17":0},"branchMap":{"0":{"type":"branch","line":1,"loc":{"start":{"line":1,"column":772},"end":{"line":18,"column":1}},"locations":[{"start":{"line":1,"column":772},"end":{"line":18,"column":1}}]}},"b":{"0":[0]},"fnMap":{"0":{"name":"(empty-report)","decl":{"start":{"line":1,"column":772},"end":{"line":18,"column":1}},"loc":{"start":{"line":1,"column":772},"end":{"line":18,"column":1}},"line":1}},"f":{"0":0}},"/home/bjorn/repos/agents/contribux/src/lib/validation/database.ts":{"path":"/home/bjorn/repos/agents/contribux/src/lib/validation/database.ts","all":true,"statementMap":{"0":{"start":{"line":1,"column":0},"end":{"line":1,"column":23}},"3":{"start":{"line":4,"column":0},"end":{"line":4,"column":49}},"4":{"start":{"line":5,"column":0},"end":{"line":5,"column":34}},"5":{"start":{"line":6,"column":0},"end":{"line":6,"column":32}},"6":{"start":{"line":7,"column":0},"end":{"line":7,"column":2}},"9":{"start":{"line":10,"column":0},"end":{"line":10,"column":41}},"10":{"start":{"line":11,"column":0},"end":{"line":11,"column":20}},"11":{"start":{"line":12,"column":0},"end":{"line":12,"column":33}},"12":{"start":{"line":13,"column":0},"end":{"line":13,"column":37}},"13":{"start":{"line":14,"column":0},"end":{"line":14,"column":36}},"14":{"start":{"line":15,"column":0},"end":{"line":15,"column":32}},"15":{"start":{"line":16,"column":0},"end":{"line":16,"column":2}},"18":{"start":{"line":19,"column":0},"end":{"line":19,"column":41}},"19":{"start":{"line":20,"column":0},"end":{"line":20,"column":25}},"20":{"start":{"line":21,"column":0},"end":{"line":21,"column":24}},"21":{"start":{"line":22,"column":0},"end":{"line":22,"column":24}},"22":{"start":{"line":23,"column":0},"end":{"line":23,"column":39}},"23":{"start":{"line":24,"column":0},"end":{"line":24,"column":39}},"24":{"start":{"line":25,"column":0},"end":{"line":25,"column":42}},"25":{"start":{"line":26,"column":0},"end":{"line":26,"column":2}},"28":{"start":{"line":29,"column":0},"end":{"line":29,"column":49}},"29":{"start":{"line":30,"column":0},"end":{"line":30,"column":25}},"30":{"start":{"line":31,"column":0},"end":{"line":31,"column":24}},"31":{"start":{"line":32,"column":0},"end":{"line":32,"column":24}},"32":{"start":{"line":33,"column":0},"end":{"line":33,"column":25}},"33":{"start":{"line":34,"column":0},"end":{"line":34,"column":39}},"34":{"start":{"line":35,"column":0},"end":{"line":35,"column":2}},"37":{"start":{"line":38,"column":0},"end":{"line":38,"column":41}},"38":{"start":{"line":39,"column":0},"end":{"line":39,"column":25}},"39":{"start":{"line":40,"column":0},"end":{"line":40,"column":24}},"40":{"start":{"line":41,"column":0},"end":{"line":41,"column":25}},"41":{"start":{"line":42,"column":0},"end":{"line":42,"column":25}},"42":{"start":{"line":43,"column":0},"end":{"line":43,"column":25}},"43":{"start":{"line":44,"column":0},"end":{"line":44,"column":2}},"46":{"start":{"line":47,"column":0},"end":{"line":47,"column":41}},"47":{"start":{"line":48,"column":0},"end":{"line":48,"column":22}},"48":{"start":{"line":49,"column":0},"end":{"line":49,"column":2}},"51":{"start":{"line":52,"column":0},"end":{"line":52,"column":43}},"52":{"start":{"line":53,"column":0},"end":{"line":53,"column":19}},"53":{"start":{"line":54,"column":0},"end":{"line":54,"column":22}},"54":{"start":{"line":55,"column":0},"end":{"line":55,"column":22}},"55":{"start":{"line":56,"column":0},"end":{"line":56,"column":2}},"58":{"start":{"line":59,"column":0},"end":{"line":59,"column":46}},"59":{"start":{"line":60,"column":0},"end":{"line":60,"column":53}},"60":{"start":{"line":61,"column":0},"end":{"line":61,"column":37}},"61":{"start":{"line":62,"column":0},"end":{"line":62,"column":2}},"64":{"start":{"line":65,"column":0},"end":{"line":65,"column":47}},"65":{"start":{"line":66,"column":0},"end":{"line":66,"column":43}},"66":{"start":{"line":67,"column":0},"end":{"line":67,"column":30}},"67":{"start":{"line":68,"column":0},"end":{"line":68,"column":42}},"68":{"start":{"line":69,"column":0},"end":{"line":69,"column":40}},"69":{"start":{"line":70,"column":0},"end":{"line":70,"column":5}},"70":{"start":{"line":71,"column":0},"end":{"line":71,"column":22}},"71":{"start":{"line":72,"column":0},"end":{"line":72,"column":14}},"72":{"start":{"line":73,"column":0},"end":{"line":73,"column":28}},"73":{"start":{"line":74,"column":0},"end":{"line":74,"column":28}},"74":{"start":{"line":75,"column":0},"end":{"line":75,"column":42}},"75":{"start":{"line":76,"column":0},"end":{"line":76,"column":42}},"76":{"start":{"line":77,"column":0},"end":{"line":77,"column":6}},"77":{"start":{"line":78,"column":0},"end":{"line":78,"column":4}},"78":{"start":{"line":79,"column":0},"end":{"line":79,"column":33}},"79":{"start":{"line":80,"column":0},"end":{"line":80,"column":37}},"80":{"start":{"line":81,"column":0},"end":{"line":81,"column":37}},"81":{"start":{"line":82,"column":0},"end":{"line":82,"column":5}},"82":{"start":{"line":83,"column":0},"end":{"line":83,"column":2}},"85":{"start":{"line":86,"column":0},"end":{"line":86,"column":45}},"86":{"start":{"line":87,"column":0},"end":{"line":87,"column":20}},"87":{"start":{"line":88,"column":0},"end":{"line":88,"column":20}},"88":{"start":{"line":89,"column":0},"end":{"line":89,"column":2}},"91":{"start":{"line":92,"column":0},"end":{"line":92,"column":49}},"92":{"start":{"line":93,"column":0},"end":{"line":93,"column":37}},"93":{"start":{"line":94,"column":0},"end":{"line":94,"column":59}},"94":{"start":{"line":95,"column":0},"end":{"line":95,"column":45}},"95":{"start":{"line":96,"column":0},"end":{"line":96,"column":40}},"96":{"start":{"line":97,"column":0},"end":{"line":97,"column":50}},"97":{"start":{"line":98,"column":0},"end":{"line":98,"column":39}},"98":{"start":{"line":99,"column":0},"end":{"line":99,"column":39}},"99":{"start":{"line":100,"column":0},"end":{"line":100,"column":43}},"100":{"start":{"line":101,"column":0},"end":{"line":101,"column":2}}},"s":{"0":0,"3":0,"4":0,"5":0,"6":0,"9":0,"10":0,"11":0,"12":0,"13":0,"14":0,"15":0,"18":0,"19":0,"20":0,"21":0,"22":0,"23":0,"24":0,"25":0,"28":0,"29":0,"30":0,"31":0,"32":0,"33":0,"34":0,"37":0,"38":0,"39":0,"40":0,"41":0,"42":0,"43":0,"46":0,"47":0,"48":0,"51":0,"52":0,"53":0,"54":0,"55":0,"58":0,"59":0,"60":0,"61":0,"64":0,"65":0,"66":0,"67":0,"68":0,"69":0,"70":0,"71":0,"72":0,"73":0,"74":0,"75":0,"76":0,"77":0,"78":0,"79":0,"80":0,"81":0,"82":0,"85":0,"86":0,"87":0,"88":0,"91":0,"92":0,"93":0,"94":0,"95":0,"96":0,"97":0,"98":0,"99":0,"100":0},"branchMap":{"0":{"type":"branch","line":1,"loc":{"start":{"line":1,"column":3422},"end":{"line":114,"column":71}},"locations":[{"start":{"line":1,"column":3422},"end":{"line":114,"column":71}}]}},"b":{"0":[0]},"fnMap":{"0":{"name":"(empty-report)","decl":{"start":{"line":1,"column":3422},"end":{"line":114,"column":71}},"loc":{"start":{"line":1,"column":3422},"end":{"line":114,"column":71}},"line":1}},"f":{"0":0}},"/home/bjorn/repos/agents/contribux/src/lib/validation/index.ts":{"path":"/home/bjorn/repos/agents/contribux/src/lib/validation/index.ts","all":true,"statementMap":{"2":{"start":{"line":3,"column":0},"end":{"line":3,"column":26}},"3":{"start":{"line":4,"column":0},"end":{"line":4,"column":21}}},"s":{"2":0,"3":0},"branchMap":{"0":{"type":"branch","line":1,"loc":{"start":{"line":1,"column":44},"end":{"line":4,"column":-1}},"locations":[{"start":{"line":1,"column":44},"end":{"line":4,"column":-1}}]}},"b":{"0":[1]},"fnMap":{"0":{"name":"(empty-report)","decl":{"start":{"line":1,"column":44},"end":{"line":4,"column":-1}},"loc":{"start":{"line":1,"column":44},"end":{"line":4,"column":-1}},"line":1}},"f":{"0":1}},"/home/bjorn/repos/agents/contribux/src/middleware.ts":{"path":"/home/bjorn/repos/agents/contribux/src/middleware.ts","all":true,"statementMap":{"6":{"start":{"line":7,"column":0},"end":{"line":7,"column":54}},"8":{"start":{"line":9,"column":0},"end":{"line":9,"column":56}},"10":{"start":{"line":11,"column":0},"end":{"line":11,"column":48}},"13":{"start":{"line":14,"column":0},"end":{"line":14,"column":17}},"14":{"start":{"line":15,"column":0},"end":{"line":15,"column":19}},"15":{"start":{"line":16,"column":0},"end":{"line":16,"column":3}},"18":{"start":{"line":19,"column":0},"end":{"line":19,"column":8}},"19":{"start":{"line":20,"column":0},"end":{"line":20,"column":1}},"22":{"start":{"line":23,"column":0},"end":{"line":23,"column":23}},"23":{"start":{"line":24,"column":0},"end":{"line":24,"column":12}},"31":{"start":{"line":32,"column":0},"end":{"line":32,"column":59}},"32":{"start":{"line":33,"column":0},"end":{"line":33,"column":4}},"33":{"start":{"line":34,"column":0},"end":{"line":34,"column":1}}},"s":{"6":0,"8":0,"10":0,"13":0,"14":0,"15":0,"18":0,"19":0,"22":0,"23":0,"31":0,"32":0,"33":0},"branchMap":{"0":{"type":"branch","line":1,"loc":{"start":{"line":1,"column":876},"end":{"line":34,"column":1}},"locations":[{"start":{"line":1,"column":876},"end":{"line":34,"column":1}}]}},"b":{"0":[1]},"fnMap":{"0":{"name":"(empty-report)","decl":{"start":{"line":1,"column":876},"end":{"line":34,"column":1}},"loc":{"start":{"line":1,"column":876},"end":{"line":34,"column":1}},"line":1}},"f":{"0":1}},"/home/bjorn/repos/agents/contribux/src/types/auth.ts":{"path":"/home/bjorn/repos/agents/contribux/src/types/auth.ts","all":true,"statementMap":{},"s":{},"branchMap":{"0":{"type":"branch","line":1,"loc":{"start":{"line":1,"column":5724},"end":{"line":270,"column":1}},"locations":[{"start":{"line":1,"column":5724},"end":{"line":270,"column":1}}]}},"b":{"0":[1]},"fnMap":{"0":{"name":"(empty-report)","decl":{"start":{"line":1,"column":5724},"end":{"line":270,"column":1}},"loc":{"start":{"line":1,"column":5724},"end":{"line":270,"column":1}},"line":1}},"f":{"0":1}},"/home/bjorn/repos/agents/contribux/src/lib/validation/env.ts":{"path":"/home/bjorn/repos/agents/contribux/src/lib/validation/env.ts","all":true,"statementMap":{"0":{"start":{"line":1,"column":0},"end":{"line":1,"column":40}},"1":{"start":{"line":2,"column":0},"end":{"line":2,"column":23}},"4":{"start":{"line":5,"column":0},"end":{"line":5,"column":55}},"5":{"start":{"line":6,"column":0},"end":{"line":6,"column":46}},"8":{"start":{"line":9,"column":0},"end":{"line":9,"column":27}},"9":{"start":{"line":10,"column":0},"end":{"line":10,"column":48}},"10":{"start":{"line":11,"column":0},"end":{"line":11,"column":3}},"13":{"start":{"line":14,"column":0},"end":{"line":14,"column":17}},"14":{"start":{"line":15,"column":0},"end":{"line":15,"column":27}},"16":{"start":{"line":17,"column":0},"end":{"line":17,"column":33}},"17":{"start":{"line":18,"column":0},"end":{"line":18,"column":40}},"18":{"start":{"line":19,"column":0},"end":{"line":19,"column":40}},"19":{"start":{"line":20,"column":0},"end":{"line":20,"column":33}},"20":{"start":{"line":21,"column":0},"end":{"line":21,"column":5}},"21":{"start":{"line":22,"column":0},"end":{"line":22,"column":3}},"23":{"start":{"line":24,"column":0},"end":{"line":24,"column":16}},"24":{"start":{"line":25,"column":0},"end":{"line":25,"column":1}},"26":{"start":{"line":27,"column":0},"end":{"line":27,"column":53}},"28":{"start":{"line":29,"column":0},"end":{"line":29,"column":27}},"29":{"start":{"line":30,"column":0},"end":{"line":30,"column":80}},"30":{"start":{"line":31,"column":0},"end":{"line":31,"column":3}},"33":{"start":{"line":34,"column":0},"end":{"line":34,"column":49}},"34":{"start":{"line":35,"column":0},"end":{"line":35,"column":32}},"36":{"start":{"line":37,"column":0},"end":{"line":37,"column":29}},"37":{"start":{"line":38,"column":0},"end":{"line":38,"column":76}},"38":{"start":{"line":39,"column":0},"end":{"line":39,"column":3}},"41":{"start":{"line":42,"column":0},"end":{"line":42,"column":42}},"42":{"start":{"line":43,"column":0},"end":{"line":43,"column":49}},"44":{"start":{"line":45,"column":0},"end":{"line":45,"column":25}},"45":{"start":{"line":46,"column":0},"end":{"line":46,"column":76}},"46":{"start":{"line":47,"column":0},"end":{"line":47,"column":3}},"48":{"start":{"line":49,"column":0},"end":{"line":49,"column":26}},"49":{"start":{"line":50,"column":0},"end":{"line":50,"column":66}},"50":{"start":{"line":51,"column":0},"end":{"line":51,"column":3}},"52":{"start":{"line":53,"column":0},"end":{"line":53,"column":13}},"53":{"start":{"line":54,"column":0},"end":{"line":54,"column":1}},"56":{"start":{"line":57,"column":0},"end":{"line":57,"column":62}},"57":{"start":{"line":58,"column":0},"end":{"line":58,"column":42}},"58":{"start":{"line":59,"column":0},"end":{"line":59,"column":2}},"61":{"start":{"line":62,"column":0},"end":{"line":62,"column":27}},"62":{"start":{"line":63,"column":0},"end":{"line":63,"column":11}},"63":{"start":{"line":64,"column":0},"end":{"line":64,"column":9}},"64":{"start":{"line":65,"column":0},"end":{"line":65,"column":55}},"65":{"start":{"line":66,"column":0},"end":{"line":66,"column":50}},"66":{"start":{"line":67,"column":0},"end":{"line":67,"column":3}},"69":{"start":{"line":70,"column":0},"end":{"line":70,"column":47}},"71":{"start":{"line":72,"column":0},"end":{"line":72,"column":71}},"72":{"start":{"line":73,"column":0},"end":{"line":73,"column":62}},"73":{"start":{"line":74,"column":0},"end":{"line":74,"column":3}},"76":{"start":{"line":77,"column":0},"end":{"line":77,"column":21}},"77":{"start":{"line":78,"column":0},"end":{"line":78,"column":99}},"78":{"start":{"line":79,"column":0},"end":{"line":79,"column":58}},"79":{"start":{"line":80,"column":0},"end":{"line":80,"column":56}},"80":{"start":{"line":81,"column":0},"end":{"line":81,"column":3}},"82":{"start":{"line":83,"column":0},"end":{"line":83,"column":13}},"83":{"start":{"line":84,"column":0},"end":{"line":84,"column":26}},"86":{"start":{"line":87,"column":0},"end":{"line":87,"column":24}},"87":{"start":{"line":88,"column":0},"end":{"line":88,"column":11}},"88":{"start":{"line":89,"column":0},"end":{"line":89,"column":9}},"89":{"start":{"line":90,"column":0},"end":{"line":90,"column":62}},"90":{"start":{"line":91,"column":0},"end":{"line":91,"column":45}},"91":{"start":{"line":92,"column":0},"end":{"line":92,"column":3}},"92":{"start":{"line":93,"column":0},"end":{"line":93,"column":13}},"95":{"start":{"line":96,"column":0},"end":{"line":96,"column":30}},"96":{"start":{"line":97,"column":0},"end":{"line":97,"column":11}},"97":{"start":{"line":98,"column":0},"end":{"line":98,"column":92}},"98":{"start":{"line":99,"column":0},"end":{"line":99,"column":13}},"101":{"start":{"line":102,"column":0},"end":{"line":102,"column":26}},"102":{"start":{"line":103,"column":0},"end":{"line":103,"column":11}},"104":{"start":{"line":105,"column":0},"end":{"line":105,"column":36}},"105":{"start":{"line":106,"column":0},"end":{"line":106,"column":51}},"106":{"start":{"line":107,"column":0},"end":{"line":107,"column":52}},"109":{"start":{"line":110,"column":0},"end":{"line":110,"column":59}},"110":{"start":{"line":111,"column":0},"end":{"line":111,"column":65}},"111":{"start":{"line":112,"column":0},"end":{"line":112,"column":64}},"112":{"start":{"line":113,"column":0},"end":{"line":113,"column":65}},"115":{"start":{"line":116,"column":0},"end":{"line":116,"column":78}},"116":{"start":{"line":117,"column":0},"end":{"line":117,"column":79}},"117":{"start":{"line":118,"column":0},"end":{"line":118,"column":94}},"120":{"start":{"line":121,"column":0},"end":{"line":121,"column":83}},"121":{"start":{"line":122,"column":0},"end":{"line":122,"column":97}},"122":{"start":{"line":123,"column":0},"end":{"line":123,"column":95}},"123":{"start":{"line":124,"column":0},"end":{"line":124,"column":97}},"126":{"start":{"line":127,"column":0},"end":{"line":127,"column":83}},"129":{"start":{"line":130,"column":0},"end":{"line":130,"column":50}},"130":{"start":{"line":131,"column":0},"end":{"line":131,"column":38}},"131":{"start":{"line":132,"column":0},"end":{"line":132,"column":85}},"134":{"start":{"line":135,"column":0},"end":{"line":135,"column":15}},"135":{"start":{"line":136,"column":0},"end":{"line":136,"column":37}},"136":{"start":{"line":137,"column":0},"end":{"line":137,"column":11}},"137":{"start":{"line":138,"column":0},"end":{"line":138,"column":21}},"138":{"start":{"line":139,"column":0},"end":{"line":139,"column":100}},"139":{"start":{"line":140,"column":0},"end":{"line":140,"column":26}},"142":{"start":{"line":143,"column":0},"end":{"line":143,"column":43}},"143":{"start":{"line":144,"column":0},"end":{"line":144,"column":95}},"144":{"start":{"line":145,"column":0},"end":{"line":145,"column":96}},"147":{"start":{"line":148,"column":0},"end":{"line":148,"column":58}},"148":{"start":{"line":149,"column":0},"end":{"line":149,"column":55}},"149":{"start":{"line":150,"column":0},"end":{"line":150,"column":75}},"150":{"start":{"line":151,"column":0},"end":{"line":151,"column":42}},"151":{"start":{"line":152,"column":0},"end":{"line":152,"column":54}},"152":{"start":{"line":153,"column":0},"end":{"line":153,"column":44}},"153":{"start":{"line":154,"column":0},"end":{"line":154,"column":23}},"154":{"start":{"line":155,"column":0},"end":{"line":155,"column":15}},"155":{"start":{"line":156,"column":0},"end":{"line":156,"column":47}},"156":{"start":{"line":157,"column":0},"end":{"line":157,"column":23}},"157":{"start":{"line":158,"column":0},"end":{"line":158,"column":18}},"158":{"start":{"line":159,"column":0},"end":{"line":159,"column":32}},"159":{"start":{"line":160,"column":0},"end":{"line":160,"column":15}},"160":{"start":{"line":161,"column":0},"end":{"line":161,"column":47}},"161":{"start":{"line":162,"column":0},"end":{"line":162,"column":24}},"162":{"start":{"line":163,"column":0},"end":{"line":163,"column":18}},"163":{"start":{"line":164,"column":0},"end":{"line":164,"column":76}},"166":{"start":{"line":167,"column":0},"end":{"line":167,"column":30}},"167":{"start":{"line":168,"column":0},"end":{"line":168,"column":42}},"170":{"start":{"line":171,"column":0},"end":{"line":171,"column":62}},"171":{"start":{"line":172,"column":0},"end":{"line":172,"column":47}},"174":{"start":{"line":175,"column":0},"end":{"line":175,"column":83}},"175":{"start":{"line":176,"column":0},"end":{"line":176,"column":100}},"178":{"start":{"line":179,"column":0},"end":{"line":179,"column":77}},"181":{"start":{"line":182,"column":0},"end":{"line":182,"column":74}},"182":{"start":{"line":183,"column":0},"end":{"line":183,"column":75}},"185":{"start":{"line":186,"column":0},"end":{"line":186,"column":73}},"186":{"start":{"line":187,"column":0},"end":{"line":187,"column":71}},"189":{"start":{"line":190,"column":0},"end":{"line":190,"column":75}},"190":{"start":{"line":191,"column":0},"end":{"line":191,"column":52}},"193":{"start":{"line":194,"column":0},"end":{"line":194,"column":43}},"194":{"start":{"line":195,"column":0},"end":{"line":195,"column":4}},"195":{"start":{"line":196,"column":0},"end":{"line":196,"column":31}},"197":{"start":{"line":198,"column":0},"end":{"line":198,"column":41}},"199":{"start":{"line":200,"column":0},"end":{"line":200,"column":100}},"200":{"start":{"line":201,"column":0},"end":{"line":201,"column":22}},"201":{"start":{"line":202,"column":0},"end":{"line":202,"column":38}},"202":{"start":{"line":203,"column":0},"end":{"line":203,"column":79}},"203":{"start":{"line":204,"column":0},"end":{"line":204,"column":31}},"204":{"start":{"line":205,"column":0},"end":{"line":205,"column":10}},"205":{"start":{"line":206,"column":0},"end":{"line":206,"column":7}},"207":{"start":{"line":208,"column":0},"end":{"line":208,"column":51}},"208":{"start":{"line":209,"column":0},"end":{"line":209,"column":22}},"209":{"start":{"line":210,"column":0},"end":{"line":210,"column":38}},"210":{"start":{"line":211,"column":0},"end":{"line":211,"column":61}},"211":{"start":{"line":212,"column":0},"end":{"line":212,"column":38}},"212":{"start":{"line":213,"column":0},"end":{"line":213,"column":10}},"213":{"start":{"line":214,"column":0},"end":{"line":214,"column":7}},"215":{"start":{"line":216,"column":0},"end":{"line":216,"column":59}},"216":{"start":{"line":217,"column":0},"end":{"line":217,"column":22}},"217":{"start":{"line":218,"column":0},"end":{"line":218,"column":38}},"218":{"start":{"line":219,"column":0},"end":{"line":219,"column":64}},"219":{"start":{"line":220,"column":0},"end":{"line":220,"column":40}},"220":{"start":{"line":221,"column":0},"end":{"line":221,"column":10}},"221":{"start":{"line":222,"column":0},"end":{"line":222,"column":7}},"223":{"start":{"line":224,"column":0},"end":{"line":224,"column":96}},"224":{"start":{"line":225,"column":0},"end":{"line":225,"column":22}},"225":{"start":{"line":226,"column":0},"end":{"line":226,"column":38}},"226":{"start":{"line":227,"column":0},"end":{"line":227,"column":77}},"227":{"start":{"line":228,"column":0},"end":{"line":228,"column":33}},"228":{"start":{"line":229,"column":0},"end":{"line":229,"column":10}},"229":{"start":{"line":230,"column":0},"end":{"line":230,"column":7}},"232":{"start":{"line":233,"column":0},"end":{"line":233,"column":33}},"233":{"start":{"line":234,"column":0},"end":{"line":234,"column":22}},"234":{"start":{"line":235,"column":0},"end":{"line":235,"column":38}},"235":{"start":{"line":236,"column":0},"end":{"line":236,"column":62}},"236":{"start":{"line":237,"column":0},"end":{"line":237,"column":35}},"237":{"start":{"line":238,"column":0},"end":{"line":238,"column":10}},"238":{"start":{"line":239,"column":0},"end":{"line":239,"column":7}},"239":{"start":{"line":240,"column":0},"end":{"line":240,"column":5}},"242":{"start":{"line":243,"column":0},"end":{"line":243,"column":8}},"243":{"start":{"line":244,"column":0},"end":{"line":244,"column":39}},"244":{"start":{"line":245,"column":0},"end":{"line":245,"column":26}},"245":{"start":{"line":246,"column":0},"end":{"line":246,"column":60}},"246":{"start":{"line":247,"column":0},"end":{"line":247,"column":7}},"247":{"start":{"line":248,"column":0},"end":{"line":248,"column":20}},"248":{"start":{"line":249,"column":0},"end":{"line":249,"column":36}},"249":{"start":{"line":250,"column":0},"end":{"line":250,"column":16}},"250":{"start":{"line":251,"column":0},"end":{"line":251,"column":103}},"251":{"start":{"line":252,"column":0},"end":{"line":252,"column":59}},"252":{"start":{"line":253,"column":0},"end":{"line":253,"column":8}},"253":{"start":{"line":254,"column":0},"end":{"line":254,"column":5}},"256":{"start":{"line":257,"column":0},"end":{"line":257,"column":37}},"257":{"start":{"line":258,"column":0},"end":{"line":258,"column":20}},"258":{"start":{"line":259,"column":0},"end":{"line":259,"column":36}},"259":{"start":{"line":260,"column":0},"end":{"line":260,"column":88}},"260":{"start":{"line":261,"column":0},"end":{"line":261,"column":33}},"261":{"start":{"line":262,"column":0},"end":{"line":262,"column":8}},"262":{"start":{"line":263,"column":0},"end":{"line":263,"column":5}},"265":{"start":{"line":266,"column":0},"end":{"line":266,"column":62}},"266":{"start":{"line":267,"column":0},"end":{"line":267,"column":37}},"267":{"start":{"line":268,"column":0},"end":{"line":268,"column":11}},"268":{"start":{"line":269,"column":0},"end":{"line":269,"column":27}},"269":{"start":{"line":270,"column":0},"end":{"line":270,"column":15}},"270":{"start":{"line":271,"column":0},"end":{"line":271,"column":22}},"271":{"start":{"line":272,"column":0},"end":{"line":272,"column":38}},"272":{"start":{"line":273,"column":0},"end":{"line":273,"column":50}},"273":{"start":{"line":274,"column":0},"end":{"line":274,"column":42}},"274":{"start":{"line":275,"column":0},"end":{"line":275,"column":10}},"275":{"start":{"line":276,"column":0},"end":{"line":276,"column":7}},"276":{"start":{"line":277,"column":0},"end":{"line":277,"column":5}},"277":{"start":{"line":278,"column":0},"end":{"line":278,"column":4}},"280":{"start":{"line":281,"column":0},"end":{"line":281,"column":48}},"281":{"start":{"line":282,"column":0},"end":{"line":282,"column":52}},"283":{"start":{"line":284,"column":0},"end":{"line":284,"column":60}},"284":{"start":{"line":285,"column":0},"end":{"line":285,"column":1}},"286":{"start":{"line":287,"column":0},"end":{"line":287,"column":47}},"287":{"start":{"line":288,"column":0},"end":{"line":288,"column":51}},"289":{"start":{"line":290,"column":0},"end":{"line":290,"column":24}},"290":{"start":{"line":291,"column":0},"end":{"line":291,"column":17}},"291":{"start":{"line":292,"column":0},"end":{"line":292,"column":19}},"292":{"start":{"line":293,"column":0},"end":{"line":293,"column":23}},"293":{"start":{"line":294,"column":0},"end":{"line":294,"column":27}},"294":{"start":{"line":295,"column":0},"end":{"line":295,"column":21}},"295":{"start":{"line":296,"column":0},"end":{"line":296,"column":3}},"297":{"start":{"line":298,"column":0},"end":{"line":298,"column":71}},"299":{"start":{"line":300,"column":0},"end":{"line":300,"column":27}},"300":{"start":{"line":301,"column":0},"end":{"line":301,"column":95}},"301":{"start":{"line":302,"column":0},"end":{"line":302,"column":3}},"303":{"start":{"line":304,"column":0},"end":{"line":304,"column":59}},"304":{"start":{"line":305,"column":0},"end":{"line":305,"column":1}},"306":{"start":{"line":307,"column":0},"end":{"line":307,"column":48}},"307":{"start":{"line":308,"column":0},"end":{"line":308,"column":31}},"310":{"start":{"line":311,"column":0},"end":{"line":311,"column":32}},"311":{"start":{"line":312,"column":0},"end":{"line":312,"column":9}},"312":{"start":{"line":313,"column":0},"end":{"line":313,"column":39}},"313":{"start":{"line":314,"column":0},"end":{"line":314,"column":51}},"314":{"start":{"line":315,"column":0},"end":{"line":315,"column":21}},"315":{"start":{"line":316,"column":0},"end":{"line":316,"column":20}},"316":{"start":{"line":317,"column":0},"end":{"line":317,"column":42}},"317":{"start":{"line":318,"column":0},"end":{"line":318,"column":64}},"318":{"start":{"line":319,"column":0},"end":{"line":319,"column":7}},"319":{"start":{"line":320,"column":0},"end":{"line":320,"column":42}},"320":{"start":{"line":321,"column":0},"end":{"line":321,"column":19}},"321":{"start":{"line":322,"column":0},"end":{"line":322,"column":7}},"322":{"start":{"line":323,"column":0},"end":{"line":323,"column":5}},"323":{"start":{"line":324,"column":0},"end":{"line":324,"column":3}},"326":{"start":{"line":327,"column":0},"end":{"line":327,"column":28}},"327":{"start":{"line":328,"column":0},"end":{"line":328,"column":81}},"328":{"start":{"line":329,"column":0},"end":{"line":329,"column":73}},"329":{"start":{"line":330,"column":0},"end":{"line":330,"column":5}},"330":{"start":{"line":331,"column":0},"end":{"line":331,"column":61}},"331":{"start":{"line":332,"column":0},"end":{"line":332,"column":3}},"334":{"start":{"line":335,"column":0},"end":{"line":335,"column":25}},"335":{"start":{"line":336,"column":0},"end":{"line":336,"column":61}},"336":{"start":{"line":337,"column":0},"end":{"line":337,"column":42}},"337":{"start":{"line":338,"column":0},"end":{"line":338,"column":71}},"338":{"start":{"line":339,"column":0},"end":{"line":339,"column":7}},"339":{"start":{"line":340,"column":0},"end":{"line":340,"column":56}},"340":{"start":{"line":341,"column":0},"end":{"line":341,"column":12}},"341":{"start":{"line":342,"column":0},"end":{"line":342,"column":60}},"342":{"start":{"line":343,"column":0},"end":{"line":343,"column":5}},"343":{"start":{"line":344,"column":0},"end":{"line":344,"column":3}},"344":{"start":{"line":345,"column":0},"end":{"line":345,"column":1}},"347":{"start":{"line":348,"column":0},"end":{"line":348,"column":54}},"348":{"start":{"line":349,"column":0},"end":{"line":349,"column":7}},"350":{"start":{"line":351,"column":0},"end":{"line":351,"column":44}},"353":{"start":{"line":354,"column":0},"end":{"line":354,"column":40}},"354":{"start":{"line":355,"column":0},"end":{"line":355,"column":29}},"355":{"start":{"line":356,"column":0},"end":{"line":356,"column":48}},"356":{"start":{"line":357,"column":0},"end":{"line":357,"column":30}},"357":{"start":{"line":358,"column":0},"end":{"line":358,"column":5}},"360":{"start":{"line":361,"column":0},"end":{"line":361,"column":28}},"362":{"start":{"line":363,"column":0},"end":{"line":363,"column":85}},"363":{"start":{"line":364,"column":0},"end":{"line":364,"column":19}},"364":{"start":{"line":365,"column":0},"end":{"line":365,"column":53}},"366":{"start":{"line":367,"column":0},"end":{"line":367,"column":38}},"367":{"start":{"line":368,"column":0},"end":{"line":368,"column":41}},"368":{"start":{"line":369,"column":0},"end":{"line":369,"column":70}},"369":{"start":{"line":370,"column":0},"end":{"line":370,"column":7}},"370":{"start":{"line":371,"column":0},"end":{"line":371,"column":12}},"371":{"start":{"line":372,"column":0},"end":{"line":372,"column":86}},"372":{"start":{"line":373,"column":0},"end":{"line":373,"column":5}},"374":{"start":{"line":375,"column":0},"end":{"line":375,"column":96}},"375":{"start":{"line":376,"column":0},"end":{"line":376,"column":19}},"376":{"start":{"line":377,"column":0},"end":{"line":377,"column":3}},"377":{"start":{"line":378,"column":0},"end":{"line":378,"column":1}},"380":{"start":{"line":381,"column":0},"end":{"line":381,"column":28}},"381":{"start":{"line":382,"column":0},"end":{"line":382,"column":7}},"382":{"start":{"line":383,"column":0},"end":{"line":383,"column":39}},"383":{"start":{"line":384,"column":0},"end":{"line":384,"column":19}},"384":{"start":{"line":385,"column":0},"end":{"line":385,"column":42}},"386":{"start":{"line":387,"column":0},"end":{"line":387,"column":30}},"387":{"start":{"line":388,"column":0},"end":{"line":388,"column":23}},"388":{"start":{"line":389,"column":0},"end":{"line":389,"column":25}},"389":{"start":{"line":390,"column":0},"end":{"line":390,"column":99}},"390":{"start":{"line":391,"column":0},"end":{"line":391,"column":21}},"391":{"start":{"line":392,"column":0},"end":{"line":392,"column":37}},"392":{"start":{"line":393,"column":0},"end":{"line":393,"column":42}},"393":{"start":{"line":394,"column":0},"end":{"line":394,"column":57}},"394":{"start":{"line":395,"column":0},"end":{"line":395,"column":81}},"395":{"start":{"line":396,"column":0},"end":{"line":396,"column":29}},"396":{"start":{"line":397,"column":0},"end":{"line":397,"column":45}},"397":{"start":{"line":398,"column":0},"end":{"line":398,"column":110}},"398":{"start":{"line":399,"column":0},"end":{"line":399,"column":48}},"399":{"start":{"line":400,"column":0},"end":{"line":400,"column":24}},"400":{"start":{"line":401,"column":0},"end":{"line":401,"column":40}},"401":{"start":{"line":402,"column":0},"end":{"line":402,"column":80}},"402":{"start":{"line":403,"column":0},"end":{"line":403,"column":74}},"403":{"start":{"line":404,"column":0},"end":{"line":404,"column":8}},"404":{"start":{"line":405,"column":0},"end":{"line":405,"column":5}},"405":{"start":{"line":406,"column":0},"end":{"line":406,"column":15}},"406":{"start":{"line":407,"column":0},"end":{"line":407,"column":3}},"407":{"start":{"line":408,"column":0},"end":{"line":408,"column":1}},"409":{"start":{"line":410,"column":0},"end":{"line":410,"column":36}},"415":{"start":{"line":416,"column":0},"end":{"line":416,"column":63}},"416":{"start":{"line":417,"column":0},"end":{"line":417,"column":65}},"417":{"start":{"line":418,"column":0},"end":{"line":418,"column":51}},"420":{"start":{"line":421,"column":0},"end":{"line":421,"column":40}},"421":{"start":{"line":422,"column":0},"end":{"line":422,"column":32}},"422":{"start":{"line":423,"column":0},"end":{"line":423,"column":89}},"423":{"start":{"line":424,"column":0},"end":{"line":424,"column":3}},"424":{"start":{"line":425,"column":0},"end":{"line":425,"column":23}},"425":{"start":{"line":426,"column":0},"end":{"line":426,"column":1}},"427":{"start":{"line":428,"column":0},"end":{"line":428,"column":44}},"428":{"start":{"line":429,"column":0},"end":{"line":429,"column":28}},"429":{"start":{"line":430,"column":0},"end":{"line":430,"column":40}},"430":{"start":{"line":431,"column":0},"end":{"line":431,"column":65}},"431":{"start":{"line":432,"column":0},"end":{"line":432,"column":5}},"433":{"start":{"line":434,"column":0},"end":{"line":434,"column":82}},"434":{"start":{"line":435,"column":0},"end":{"line":435,"column":3}},"435":{"start":{"line":436,"column":0},"end":{"line":436,"column":27}},"436":{"start":{"line":437,"column":0},"end":{"line":437,"column":1}}},"s":{"0":0,"1":0,"4":0,"5":0,"8":0,"9":0,"10":0,"13":0,"14":0,"16":0,"17":0,"18":0,"19":0,"20":0,"21":0,"23":0,"24":0,"26":0,"28":0,"29":0,"30":0,"33":0,"34":0,"36":0,"37":0,"38":0,"41":0,"42":0,"44":0,"45":0,"46":0,"48":0,"49":0,"50":0,"52":0,"53":0,"56":0,"57":0,"58":0,"61":0,"62":0,"63":0,"64":0,"65":0,"66":0,"69":0,"71":0,"72":0,"73":0,"76":0,"77":0,"78":0,"79":0,"80":0,"82":0,"83":0,"86":0,"87":0,"88":0,"89":0,"90":0,"91":0,"92":0,"95":0,"96":0,"97":0,"98":0,"101":0,"102":0,"104":0,"105":0,"106":0,"109":0,"110":0,"111":0,"112":0,"115":0,"116":0,"117":0,"120":0,"121":0,"122":0,"123":0,"126":0,"129":0,"130":0,"131":0,"134":0,"135":0,"136":0,"137":0,"138":0,"139":0,"142":0,"143":0,"144":0,"147":0,"148":0,"149":0,"150":0,"151":0,"152":0,"153":0,"154":0,"155":0,"156":0,"157":0,"158":0,"159":0,"160":0,"161":0,"162":0,"163":0,"166":0,"167":0,"170":0,"171":0,"174":0,"175":0,"178":0,"181":0,"182":0,"185":0,"186":0,"189":0,"190":0,"193":0,"194":0,"195":0,"197":0,"199":0,"200":0,"201":0,"202":0,"203":0,"204":0,"205":0,"207":0,"208":0,"209":0,"210":0,"211":0,"212":0,"213":0,"215":0,"216":0,"217":0,"218":0,"219":0,"220":0,"221":0,"223":0,"224":0,"225":0,"226":0,"227":0,"228":0,"229":0,"232":0,"233":0,"234":0,"235":0,"236":0,"237":0,"238":0,"239":0,"242":0,"243":0,"244":0,"245":0,"246":0,"247":0,"248":0,"249":0,"250":0,"251":0,"252":0,"253":0,"256":0,"257":0,"258":0,"259":0,"260":0,"261":0,"262":0,"265":0,"266":0,"267":0,"268":0,"269":0,"270":0,"271":0,"272":0,"273":0,"274":0,"275":0,"276":0,"277":0,"280":0,"281":0,"283":0,"284":0,"286":0,"287":0,"289":0,"290":0,"291":0,"292":0,"293":0,"294":0,"295":0,"297":0,"299":0,"300":0,"301":0,"303":0,"304":0,"306":0,"307":0,"310":0,"311":0,"312":0,"313":0,"314":0,"315":0,"316":0,"317":0,"318":0,"319":0,"320":0,"321":0,"322":0,"323":0,"326":0,"327":0,"328":0,"329":0,"330":0,"331":0,"334":0,"335":0,"336":0,"337":0,"338":0,"339":0,"340":0,"341":0,"342":0,"343":0,"344":0,"347":0,"348":0,"350":0,"353":0,"354":0,"355":0,"356":0,"357":0,"360":0,"362":0,"363":0,"364":0,"366":0,"367":0,"368":0,"369":0,"370":0,"371":0,"372":0,"374":0,"375":0,"376":0,"377":0,"380":0,"381":0,"382":0,"383":0,"384":0,"386":0,"387":0,"388":0,"389":0,"390":0,"391":0,"392":0,"393":0,"394":0,"395":0,"396":0,"397":0,"398":0,"399":0,"400":0,"401":0,"402":0,"403":0,"404":0,"405":0,"406":0,"407":0,"409":0,"415":0,"416":0,"417":0,"420":0,"421":0,"422":0,"423":0,"424":0,"425":0,"427":0,"428":0,"429":0,"430":0,"431":0,"433":0,"434":0,"435":0,"436":0},"branchMap":{"0":{"type":"branch","line":1,"loc":{"start":{"line":1,"column":14360},"end":{"line":437,"column":1}},"locations":[{"start":{"line":1,"column":14360},"end":{"line":437,"column":1}}]}},"b":{"0":[0]},"fnMap":{"0":{"name":"(empty-report)","decl":{"start":{"line":1,"column":14360},"end":{"line":437,"column":1}},"loc":{"start":{"line":1,"column":14360},"end":{"line":437,"column":1}},"line":1}},"f":{"0":0}},"/home/bjorn/repos/agents/contribux/src/lib/db/config.ts":{"path":"/home/bjorn/repos/agents/contribux/src/lib/db/config.ts","all":true,"statementMap":{"0":{"start":{"line":1,"column":0},"end":{"line":1,"column":47}},"1":{"start":{"line":2,"column":0},"end":{"line":2,"column":39}},"4":{"start":{"line":5,"column":0},"end":{"line":5,"column":41}},"7":{"start":{"line":8,"column":0},"end":{"line":8,"column":85}},"8":{"start":{"line":9,"column":0},"end":{"line":9,"column":19}},"9":{"start":{"line":10,"column":0},"end":{"line":10,"column":15}},"10":{"start":{"line":11,"column":0},"end":{"line":11,"column":53}},"11":{"start":{"line":12,"column":0},"end":{"line":12,"column":16}},"12":{"start":{"line":13,"column":0},"end":{"line":13,"column":54}},"13":{"start":{"line":14,"column":0},"end":{"line":14,"column":12}},"14":{"start":{"line":15,"column":0},"end":{"line":15,"column":29}},"15":{"start":{"line":16,"column":0},"end":{"line":16,"column":3}},"16":{"start":{"line":17,"column":0},"end":{"line":17,"column":1}},"19":{"start":{"line":20,"column":0},"end":{"line":20,"column":29}},"20":{"start":{"line":21,"column":0},"end":{"line":21,"column":31}},"21":{"start":{"line":22,"column":0},"end":{"line":22,"column":55}},"22":{"start":{"line":23,"column":0},"end":{"line":23,"column":44}},"23":{"start":{"line":24,"column":0},"end":{"line":24,"column":48}},"24":{"start":{"line":25,"column":0},"end":{"line":25,"column":10}},"27":{"start":{"line":28,"column":0},"end":{"line":28,"column":27}},"28":{"start":{"line":29,"column":0},"end":{"line":29,"column":27}},"29":{"start":{"line":30,"column":0},"end":{"line":30,"column":25}},"30":{"start":{"line":31,"column":0},"end":{"line":31,"column":27}},"31":{"start":{"line":32,"column":0},"end":{"line":32,"column":10}},"34":{"start":{"line":35,"column":0},"end":{"line":35,"column":25}},"35":{"start":{"line":36,"column":0},"end":{"line":36,"column":31}},"36":{"start":{"line":37,"column":0},"end":{"line":37,"column":27}},"37":{"start":{"line":38,"column":0},"end":{"line":38,"column":27}},"38":{"start":{"line":39,"column":0},"end":{"line":39,"column":44}},"39":{"start":{"line":40,"column":0},"end":{"line":40,"column":10}}},"s":{"0":0,"1":0,"4":0,"7":0,"8":0,"9":0,"10":0,"11":0,"12":0,"13":0,"14":0,"15":0,"16":0,"19":0,"20":0,"21":0,"22":0,"23":0,"24":0,"27":0,"28":0,"29":0,"30":0,"31":0,"34":0,"35":0,"36":0,"37":0,"38":0,"39":0},"branchMap":{"0":{"type":"branch","line":1,"loc":{"start":{"line":1,"column":1252},"end":{"line":40,"column":10}},"locations":[{"start":{"line":1,"column":1252},"end":{"line":40,"column":10}}]}},"b":{"0":[0]},"fnMap":{"0":{"name":"(empty-report)","decl":{"start":{"line":1,"column":1252}
[...]
umn":0},"end":{"line":1196,"column":66}},"1196":{"start":{"line":1197,"column":0},"end":{"line":1197,"column":54}},"1199":{"start":{"line":1200,"column":0},"end":{"line":1200,"column":27}},"1200":{"start":{"line":1201,"column":0},"end":{"line":1201,"column":18}},"1201":{"start":{"line":1202,"column":0},"end":{"line":1202,"column":18}},"1202":{"start":{"line":1203,"column":0},"end":{"line":1203,"column":15}},"1203":{"start":{"line":1204,"column":0},"end":{"line":1204,"column":23}},"1204":{"start":{"line":1205,"column":0},"end":{"line":1205,"column":17}},"1205":{"start":{"line":1206,"column":0},"end":{"line":1206,"column":18}},"1206":{"start":{"line":1207,"column":0},"end":{"line":1207,"column":20}},"1207":{"start":{"line":1208,"column":0},"end":{"line":1208,"column":14}},"1208":{"start":{"line":1209,"column":0},"end":{"line":1209,"column":15}},"1209":{"start":{"line":1210,"column":0},"end":{"line":1210,"column":17}},"1210":{"start":{"line":1211,"column":0},"end":{"line":1211,"column":7}},"1211":{"start":{"line":1212,"column":0},"end":{"line":1212,"column":53}},"1212":{"start":{"line":1213,"column":0},"end":{"line":1213,"column":56}},"1213":{"start":{"line":1214,"column":0},"end":{"line":1214,"column":96}},"1214":{"start":{"line":1215,"column":0},"end":{"line":1215,"column":34}},"1215":{"start":{"line":1216,"column":0},"end":{"line":1216,"column":11}},"1216":{"start":{"line":1217,"column":0},"end":{"line":1217,"column":20}},"1217":{"start":{"line":1218,"column":0},"end":{"line":1218,"column":10}},"1218":{"start":{"line":1219,"column":0},"end":{"line":1219,"column":10}},"1219":{"start":{"line":1220,"column":0},"end":{"line":1220,"column":7}},"1221":{"start":{"line":1222,"column":0},"end":{"line":1222,"column":92}},"1222":{"start":{"line":1223,"column":0},"end":{"line":1223,"column":18}},"1224":{"start":{"line":1225,"column":0},"end":{"line":1225,"column":27}},"1225":{"start":{"line":1226,"column":0},"end":{"line":1226,"column":18}},"1226":{"start":{"line":1227,"column":0},"end":{"line":1227,"column":18}},"1227":{"start":{"line":1228,"column":0},"end":{"line":1228,"column":15}},"1228":{"start":{"line":1229,"column":0},"end":{"line":1229,"column":23}},"1229":{"start":{"line":1230,"column":0},"end":{"line":1230,"column":17}},"1230":{"start":{"line":1231,"column":0},"end":{"line":1231,"column":18}},"1231":{"start":{"line":1232,"column":0},"end":{"line":1232,"column":20}},"1232":{"start":{"line":1233,"column":0},"end":{"line":1233,"column":14}},"1233":{"start":{"line":1234,"column":0},"end":{"line":1234,"column":15}},"1234":{"start":{"line":1235,"column":0},"end":{"line":1235,"column":17}},"1235":{"start":{"line":1236,"column":0},"end":{"line":1236,"column":7}},"1236":{"start":{"line":1237,"column":0},"end":{"line":1237,"column":53}},"1237":{"start":{"line":1238,"column":0},"end":{"line":1238,"column":56}},"1238":{"start":{"line":1239,"column":0},"end":{"line":1239,"column":96}},"1239":{"start":{"line":1240,"column":0},"end":{"line":1240,"column":34}},"1240":{"start":{"line":1241,"column":0},"end":{"line":1241,"column":11}},"1241":{"start":{"line":1242,"column":0},"end":{"line":1242,"column":20}},"1242":{"start":{"line":1243,"column":0},"end":{"line":1243,"column":10}},"1243":{"start":{"line":1244,"column":0},"end":{"line":1244,"column":10}},"1244":{"start":{"line":1245,"column":0},"end":{"line":1245,"column":7}},"1245":{"start":{"line":1246,"column":0},"end":{"line":1246,"column":87}},"1246":{"start":{"line":1247,"column":0},"end":{"line":1247,"column":5}},"1247":{"start":{"line":1248,"column":0},"end":{"line":1248,"column":3}},"1249":{"start":{"line":1250,"column":0},"end":{"line":1250,"column":88}},"1251":{"start":{"line":1252,"column":0},"end":{"line":1252,"column":47}},"1252":{"start":{"line":1253,"column":0},"end":{"line":1253,"column":54}},"1253":{"start":{"line":1254,"column":0},"end":{"line":1254,"column":3}},"1256":{"start":{"line":1257,"column":0},"end":{"line":1257,"column":90}},"1257":{"start":{"line":1258,"column":0},"end":{"line":1258,"column":22}},"1258":{"start":{"line":1259,"column":0},"end":{"line":1259,"column":57}},"1259":{"start":{"line":1260,"column":0},"end":{"line":1260,"column":5}},"1261":{"start":{"line":1262,"column":0},"end":{"line":1262,"column":104}},"1262":{"start":{"line":1263,"column":0},"end":{"line":1263,"column":72}},"1263":{"start":{"line":1264,"column":0},"end":{"line":1264,"column":3}},"1265":{"start":{"line":1266,"column":0},"end":{"line":1266,"column":35}},"1266":{"start":{"line":1267,"column":0},"end":{"line":1267,"column":22}},"1267":{"start":{"line":1268,"column":0},"end":{"line":1268,"column":73}},"1268":{"start":{"line":1269,"column":0},"end":{"line":1269,"column":5}},"1269":{"start":{"line":1270,"column":0},"end":{"line":1270,"column":34}},"1270":{"start":{"line":1271,"column":0},"end":{"line":1271,"column":3}},"1272":{"start":{"line":1273,"column":0},"end":{"line":1273,"column":92}},"1274":{"start":{"line":1275,"column":0},"end":{"line":1275,"column":27}},"1276":{"start":{"line":1277,"column":0},"end":{"line":1277,"column":48}},"1277":{"start":{"line":1278,"column":0},"end":{"line":1278,"column":11}},"1279":{"start":{"line":1280,"column":0},"end":{"line":1280,"column":54}},"1280":{"start":{"line":1281,"column":0},"end":{"line":1281,"column":55}},"1282":{"start":{"line":1283,"column":0},"end":{"line":1283,"column":77}},"1283":{"start":{"line":1284,"column":0},"end":{"line":1284,"column":9}},"1285":{"start":{"line":1286,"column":0},"end":{"line":1286,"column":24}},"1287":{"start":{"line":1288,"column":0},"end":{"line":1288,"column":7}},"1288":{"start":{"line":1289,"column":0},"end":{"line":1289,"column":6}},"1290":{"start":{"line":1291,"column":0},"end":{"line":1291,"column":31}},"1291":{"start":{"line":1292,"column":0},"end":{"line":1292,"column":3}},"1294":{"start":{"line":1295,"column":0},"end":{"line":1295,"column":68}},"1295":{"start":{"line":1296,"column":0},"end":{"line":1296,"column":37}},"1297":{"start":{"line":1298,"column":0},"end":{"line":1298,"column":86}},"1298":{"start":{"line":1299,"column":0},"end":{"line":1299,"column":5}},"1299":{"start":{"line":1300,"column":0},"end":{"line":1300,"column":36}},"1300":{"start":{"line":1301,"column":0},"end":{"line":1301,"column":3}},"1302":{"start":{"line":1303,"column":0},"end":{"line":1303,"column":91}},"1303":{"start":{"line":1304,"column":0},"end":{"line":1304,"column":45}},"1304":{"start":{"line":1305,"column":0},"end":{"line":1305,"column":39}},"1305":{"start":{"line":1306,"column":0},"end":{"line":1306,"column":3}},"1307":{"start":{"line":1308,"column":0},"end":{"line":1308,"column":32}},"1308":{"start":{"line":1309,"column":0},"end":{"line":1309,"column":36}},"1309":{"start":{"line":1310,"column":0},"end":{"line":1310,"column":42}},"1310":{"start":{"line":1311,"column":0},"end":{"line":1311,"column":5}},"1311":{"start":{"line":1312,"column":0},"end":{"line":1312,"column":3}},"1312":{"start":{"line":1313,"column":0},"end":{"line":1313,"column":1}}},"s":{"0":0,"1":0,"2":0,"3":0,"4":0,"5":0,"7":0,"8":0,"10":0,"11":0,"17":0,"23":0,"24":0,"25":0,"31":0,"46":0,"48":0,"53":0,"60":0,"64":0,"66":0,"67":0,"68":0,"71":0,"72":0,"73":0,"76":0,"77":0,"78":0,"81":0,"82":0,"83":0,"86":0,"88":0,"89":0,"92":0,"93":0,"94":0,"97":0,"99":0,"102":0,"103":0,"104":0,"107":0,"108":0,"109":0,"110":0,"113":0,"114":0,"115":0,"116":0,"117":0,"118":0,"119":0,"120":0,"122":0,"124":0,"126":0,"127":0,"128":0,"129":0,"130":0,"131":0,"132":0,"133":0,"134":0,"135":0,"136":0,"137":0,"138":0,"141":0,"142":0,"143":0,"144":0,"146":0,"147":0,"148":0,"149":0,"150":0,"151":0,"152":0,"153":0,"155":0,"156":0,"157":0,"158":0,"159":0,"162":0,"163":0,"164":0,"165":0,"166":0,"167":0,"168":0,"169":0,"170":0,"173":0,"174":0,"175":0,"178":0,"179":0,"180":0,"182":0,"183":0,"185":0,"186":0,"187":0,"189":0,"190":0,"191":0,"193":0,"194":0,"196":0,"197":0,"198":0,"199":0,"200":0,"201":0,"203":0,"205":0,"208":0,"209":0,"210":0,"212":0,"213":0,"214":0,"215":0,"217":0,"218":0,"219":0,"220":0,"221":0,"222":0,"223":0,"224":0,"225":0,"226":0,"227":0,"228":0,"229":0,"230":0,"231":0,"232":0,"233":0,"234":0,"235":0,"237":0,"238":0,"240":0,"241":0,"242":0,"243":0,"244":0,"245":0,"247":0,"248":0,"250":0,"251":0,"252":0,"253":0,"255":0,"256":0,"257":0,"258":0,"259":0,"260":0,"262":0,"263":0,"264":0,"265":0,"268":0,"269":0,"270":0,"271":0,"272":0,"273":0,"276":0,"277":0,"278":0,"281":0,"282":0,"283":0,"284":0,"285":0,"286":0,"287":0,"288":0,"289":0,"290":0,"292":0,"293":0,"294":0,"295":0,"296":0,"297":0,"299":0,"300":0,"301":0,"302":0,"303":0,"304":0,"305":0,"307":0,"308":0,"309":0,"310":0,"312":0,"314":0,"315":0,"316":0,"317":0,"318":0,"320":0,"321":0,"324":0,"325":0,"326":0,"327":0,"328":0,"329":0,"330":0,"332":0,"333":0,"336":0,"337":0,"338":0,"339":0,"342":0,"343":0,"344":0,"346":0,"349":0,"350":0,"351":0,"353":0,"355":0,"356":0,"357":0,"358":0,"359":0,"360":0,"362":0,"364":0,"366":0,"367":0,"368":0,"369":0,"370":0,"371":0,"372":0,"373":0,"374":0,"375":0,"376":0,"377":0,"378":0,"379":0,"381":0,"382":0,"383":0,"384":0,"387":0,"388":0,"389":0,"392":0,"393":0,"394":0,"395":0,"396":0,"398":0,"399":0,"401":0,"402":0,"403":0,"404":0,"405":0,"406":0,"408":0,"409":0,"410":0,"412":0,"413":0,"414":0,"416":0,"417":0,"418":0,"419":0,"420":0,"422":0,"423":0,"424":0,"426":0,"428":0,"429":0,"431":0,"432":0,"433":0,"435":0,"436":0,"437":0,"438":0,"440":0,"441":0,"442":0,"444":0,"445":0,"446":0,"448":0,"449":0,"450":0,"452":0,"453":0,"454":0,"455":0,"456":0,"457":0,"458":0,"459":0,"460":0,"462":0,"463":0,"464":0,"465":0,"466":0,"467":0,"468":0,"469":0,"471":0,"472":0,"473":0,"474":0,"476":0,"477":0,"478":0,"479":0,"482":0,"483":0,"484":0,"486":0,"487":0,"488":0,"489":0,"491":0,"492":0,"494":0,"495":0,"496":0,"497":0,"498":0,"501":0,"502":0,"504":0,"506":0,"507":0,"509":0,"510":0,"513":0,"514":0,"515":0,"518":0,"519":0,"520":0,"521":0,"522":0,"523":0,"526":0,"528":0,"530":0,"531":0,"537":0,"538":0,"539":0,"541":0,"542":0,"544":0,"545":0,"546":0,"547":0,"549":0,"550":0,"553":0,"554":0,"556":0,"557":0,"558":0,"559":0,"561":0,"562":0,"564":0,"565":0,"567":0,"569":0,"570":0,"571":0,"572":0,"573":0,"574":0,"575":0,"576":0,"578":0,"579":0,"580":0,"582":0,"583":0,"584":0,"585":0,"586":0,"589":0,"591":0,"593":0,"594":0,"595":0,"597":0,"599":0,"600":0,"601":0,"602":0,"603":0,"604":0,"605":0,"607":0,"608":0,"610":0,"611":0,"612":0,"613":0,"614":0,"616":0,"617":0,"618":0,"620":0,"621":0,"622":0,"623":0,"625":0,"626":0,"628":0,"629":0,"631":0,"632":0,"633":0,"634":0,"635":0,"636":0,"637":0,"638":0,"639":0,"640":0,"643":0,"644":0,"645":0,"646":0,"647":0,"648":0,"649":0,"650":0,"651":0,"652":0,"654":0,"655":0,"656":0,"657":0,"658":0,"659":0,"660":0,"661":0,"662":0,"663":0,"664":0,"665":0,"666":0,"667":0,"668":0,"669":0,"670":0,"671":0,"672":0,"674":0,"676":0,"677":0,"678":0,"680":0,"681":0,"682":0,"683":0,"684":0,"686":0,"687":0,"689":0,"690":0,"692":0,"694":0,"695":0,"696":0,"697":0,"698":0,"699":0,"700":0,"701":0,"702":0,"704":0,"705":0,"706":0,"708":0,"709":0,"710":0,"712":0,"713":0,"715":0,"716":0,"717":0,"718":0,"719":0,"721":0,"722":0,"724":0,"726":0,"727":0,"728":0,"730":0,"731":0,"732":0,"733":0,"734":0,"735":0,"736":0,"737":0,"738":0,"740":0,"741":0,"742":0,"743":0,"744":0,"745":0,"746":0,"748":0,"749":0,"751":0,"752":0,"754":0,"756":0,"757":0,"758":0,"759":0,"760":0,"761":0,"762":0,"763":0,"764":0,"766":0,"767":0,"769":0,"770":0,"772":0,"774":0,"775":0,"776":0,"777":0,"778":0,"780":0,"781":0,"782":0,"785":0,"786":0,"788":0,"789":0,"790":0,"792":0,"793":0,"795":0,"796":0,"798":0,"800":0,"801":0,"803":0,"804":0,"805":0,"806":0,"807":0,"808":0,"809":0,"810":0,"811":0,"813":0,"814":0,"815":0,"816":0,"817":0,"818":0,"820":0,"821":0,"822":0,"823":0,"824":0,"825":0,"826":0,"827":0,"829":0,"830":0,"831":0,"832":0,"834":0,"835":0,"837":0,"838":0,"839":0,"840":0,"841":0,"842":0,"844":0,"845":0,"846":0,"847":0,"848":0,"849":0,"851":0,"853":0,"854":0,"855":0,"856":0,"859":0,"860":0,"861":0,"864":0,"865":0,"866":0,"868":0,"869":0,"871":0,"875":0,"878":0,"880":0,"881":0,"882":0,"883":0,"884":0,"885":0,"886":0,"887":0,"888":0,"890":0,"891":0,"892":0,"894":0,"895":0,"897":0,"898":0,"900":0,"901":0,"903":0,"904":0,"905":0,"907":0,"908":0,"909":0,"910":0,"912":0,"913":0,"915":0,"916":0,"917":0,"918":0,"919":0,"920":0,"922":0,"923":0,"924":0,"925":0,"927":0,"928":0,"931":0,"933":0,"935":0,"936":0,"938":0,"940":0,"941":0,"943":0,"944":0,"946":0,"948":0,"949":0,"950":0,"951":0,"952":0,"954":0,"955":0,"956":0,"966":0,"968":0,"969":0,"970":0,"971":0,"972":0,"973":0,"975":0,"976":0,"977":0,"979":0,"980":0,"981":0,"983":0,"985":0,"986":0,"988":0,"989":0,"991":0,"992":0,"993":0,"994":0,"995":0,"996":0,"997":0,"998":0,"999":0,"1000":0,"1001":0,"1003":0,"1004":0,"1005":0,"1008":0,"1009":0,"1010":0,"1011":0,"1014":0,"1015":0,"1016":0,"1017":0,"1018":0,"1019":0,"1020":0,"1021":0,"1022":0,"1023":0,"1026":0,"1027":0,"1028":0,"1029":0,"1032":0,"1033":0,"1034":0,"1037":0,"1038":0,"1039":0,"1041":0,"1042":0,"1043":0,"1044":0,"1046":0,"1047":0,"1048":0,"1049":0,"1050":0,"1051":0,"1053":0,"1054":0,"1055":0,"1056":0,"1057":0,"1058":0,"1059":0,"1060":0,"1061":0,"1062":0,"1063":0,"1064":0,"1065":0,"1066":0,"1067":0,"1068":0,"1069":0,"1070":0,"1071":0,"1072":0,"1073":0,"1076":0,"1078":0,"1079":0,"1080":0,"1081":0,"1082":0,"1083":0,"1089":0,"1091":0,"1092":0,"1093":0,"1094":0,"1098":0,"1099":0,"1100":0,"1102":0,"1104":0,"1105":0,"1106":0,"1107":0,"1108":0,"1109":0,"1110":0,"1111":0,"1112":0,"1114":0,"1115":0,"1116":0,"1119":0,"1120":0,"1122":0,"1125":0,"1127":0,"1128":0,"1129":0,"1130":0,"1133":0,"1134":0,"1135":0,"1136":0,"1137":0,"1138":0,"1141":0,"1142":0,"1143":0,"1144":0,"1145":0,"1146":0,"1148":0,"1149":0,"1150":0,"1151":0,"1152":0,"1153":0,"1154":0,"1156":0,"1158":0,"1159":0,"1160":0,"1162":0,"1163":0,"1164":0,"1165":0,"1166":0,"1167":0,"1169":0,"1170":0,"1171":0,"1172":0,"1174":0,"1175":0,"1176":0,"1181":0,"1182":0,"1183":0,"1186":0,"1187":0,"1188":0,"1189":0,"1190":0,"1191":0,"1194":0,"1195":0,"1196":0,"1199":0,"1200":0,"1201":0,"1202":0,"1203":0,"1204":0,"1205":0,"1206":0,"1207":0,"1208":0,"1209":0,"1210":0,"1211":0,"1212":0,"1213":0,"1214":0,"1215":0,"1216":0,"1217":0,"1218":0,"1219":0,"1221":0,"1222":0,"1224":0,"1225":0,"1226":0,"1227":0,"1228":0,"1229":0,"1230":0,"1231":0,"1232":0,"1233":0,"1234":0,"1235":0,"1236":0,"1237":0,"1238":0,"1239":0,"1240":0,"1241":0,"1242":0,"1243":0,"1244":0,"1245":0,"1246":0,"1247":0,"1249":0,"1251":0,"1252":0,"1253":0,"1256":0,"1257":0,"1258":0,"1259":0,"1261":0,"1262":0,"1263":0,"1265":0,"1266":0,"1267":0,"1268":0,"1269":0,"1270":0,"1272":0,"1274":0,"1276":0,"1277":0,"1279":0,"1280":0,"1282":0,"1283":0,"1285":0,"1287":0,"1288":0,"1290":0,"1291":0,"1294":0,"1295":0,"1297":0,"1298":0,"1299":0,"1300":0,"1302":0,"1303":0,"1304":0,"1305":0,"1307":0,"1308":0,"1309":0,"1310":0,"1311":0,"1312":0},"branchMap":{"0":{"type":"branch","line":1,"loc":{"start":{"line":1,"column":44314},"end":{"line":1313,"column":1}},"locations":[{"start":{"line":1,"column":44314},"end":{"line":1313,"column":1}}]}},"b":{"0":[0]},"fnMap":{"0":{"name":"(empty-report)","decl":{"start":{"line":1,"column":44314},"end":{"line":1313,"column":1}},"loc":{"start":{"line":1,"column":44314},"end":{"line":1313,"column":1}},"line":1}},"f":{"0":0}},"/home/bjorn/repos/agents/contribux/src/lib/github/webhooks/types.ts":{"path":"/home/bjorn/repos/agents/contribux/src/lib/github/webhooks/types.ts","all":true,"statementMap":{},"s":{},"branchMap":{"0":{"type":"branch","line":1,"loc":{"start":{"line":1,"column":9952},"end":{"line":472,"column":1}},"locations":[{"start":{"line":1,"column":9952},"end":{"line":472,"column":1}}]}},"b":{"0":[1]},"fnMap":{"0":{"name":"(empty-report)","decl":{"start":{"line":1,"column":9952},"end":{"line":472,"column":1}},"loc":{"start":{"line":1,"column":9952},"end":{"line":472,"column":1}},"line":1}},"f":{"0":1}},"/home/bjorn/repos/agents/contribux/.next/static/chunks/app/manifest.webmanifest/route-432578029d083f24.js":{"path":"/home/bjorn/repos/agents/contribux/.next/static/chunks/app/manifest.webmanifest/route-432578029d083f24.js","all":true,"statementMap":{"0":{"start":{"line":1,"column":0},"end":{"line":1,"column":153}}},"s":{"0":0},"branchMap":{"0":{"type":"branch","line":1,"loc":{"start":{"line":1,"column":0},"end":{"line":1,"column":153}},"locations":[{"start":{"line":1,"column":0},"end":{"line":1,"column":153}}]}},"b":{"0":[0]},"fnMap":{"0":{"name":"(empty-report)","decl":{"start":{"line":1,"column":0},"end":{"line":1,"column":153}},"loc":{"start":{"line":1,"column":0},"end":{"line":1,"column":153}},"line":1}},"f":{"0":0}},"/home/bjorn/repos/agents/contribux/.next/server/app/icon/route.js":{"path":"/home/bjorn/repos/agents/contribux/.next/server/app/icon/route.js","all":true,"statementMap":{"0":{"start":{"line":1,"column":0},"end":{"line":1,"column":3221}}},"s":{"0":0},"branchMap":{"0":{"type":"branch","line":1,"loc":{"start":{"line":1,"column":0},"end":{"line":1,"column":3199}},"locations":[{"start":{"line":1,"column":0},"end":{"line":1,"column":3199}}]}},"b":{"0":[0]},"fnMap":{"0":{"name":"(empty-report)","decl":{"start":{"line":1,"column":0},"end":{"line":1,"column":3199}},"loc":{"start":{"line":1,"column":0},"end":{"line":1,"column":3199}},"line":1}},"f":{"0":0}},"/home/bjorn/repos/agents/contribux/.next/server/app/_not-found/page.js":{"path":"/home/bjorn/repos/agents/contribux/.next/server/app/_not-found/page.js","all":true,"statementMap":{"0":{"start":{"line":1,"column":0},"end":{"line":1,"column":3120}}},"s":{"0":0},"branchMap":{"0":{"type":"branch","line":1,"loc":{"start":{"line":1,"column":0},"end":{"line":1,"column":3120}},"locations":[{"start":{"line":1,"column":0},"end":{"line":1,"column":3120}}]}},"b":{"0":[0]},"fnMap":{"0":{"name":"(empty-report)","decl":{"start":{"line":1,"column":0},"end":{"line":1,"column":3120}},"loc":{"start":{"line":1,"column":0},"end":{"line":1,"column":3120}},"line":1}},"f":{"0":0}},"/home/bjorn/repos/agents/contribux/.next/server/app/_not-found/page_client-reference-manifest.js":{"path":"/home/bjorn/repos/agents/contribux/.next/server/app/_not-found/page_client-reference-manifest.js","all":true,"statementMap":{"0":{"start":{"line":1,"column":0},"end":{"line":1,"column":6143}}},"s":{"0":0},"branchMap":{"0":{"type":"branch","line":1,"loc":{"start":{"line":1,"column":0},"end":{"line":1,"column":6143}},"locations":[{"start":{"line":1,"column":0},"end":{"line":1,"column":6143}}]}},"b":{"0":[0]},"fnMap":{"0":{"name":"(empty-report)","decl":{"start":{"line":1,"column":0},"end":{"line":1,"column":6143}},"loc":{"start":{"line":1,"column":0},"end":{"line":1,"column":6143}},"line":1}},"f":{"0":0}},"/home/bjorn/repos/agents/contribux/.next/static/chunks/app/icon/route-96362d28487db199.js":{"path":"/home/bjorn/repos/agents/contribux/.next/static/chunks/app/icon/route-96362d28487db199.js","all":true,"statementMap":{"0":{"start":{"line":1,"column":0},"end":{"line":1,"column":153}}},"s":{"0":0},"branchMap":{"0":{"type":"branch","line":1,"loc":{"start":{"line":1,"column":0},"end":{"line":1,"column":153}},"locations":[{"start":{"line":1,"column":0},"end":{"line":1,"column":153}}]}},"b":{"0":[0]},"fnMap":{"0":{"name":"(empty-report)","decl":{"start":{"line":1,"column":0},"end":{"line":1,"column":153}},"loc":{"start":{"line":1,"column":0},"end":{"line":1,"column":153}},"line":1}},"f":{"0":0}},"/home/bjorn/repos/agents/contribux/.next/static/chunks/app/_not-found/page-7197c62be250ed51.js":{"path":"/home/bjorn/repos/agents/contribux/.next/static/chunks/app/_not-found/page-7197c62be250ed51.js","all":true,"statementMap":{"0":{"start":{"line":1,"column":0},"end":{"line":1,"column":2237}}},"s":{"0":0},"branchMap":{"0":{"type":"branch","line":1,"loc":{"start":{"line":1,"column":0},"end":{"line":1,"column":2237}},"locations":[{"start":{"line":1,"column":0},"end":{"line":1,"column":2237}}]}},"b":{"0":[0]},"fnMap":{"0":{"name":"(empty-report)","decl":{"start":{"line":1,"column":0},"end":{"line":1,"column":2237}},"loc":{"start":{"line":1,"column":0},"end":{"line":1,"column":2237}},"line":1}},"f":{"0":0}}}}